{"numTotalTestSuites":101,"numPassedTestSuites":99,"numFailedTestSuites":2,"numPendingTestSuites":0,"numTotalTests":320,"numPassedTests":319,"numFailedTests":1,"numPendingTests":0,"numTodoTests":0,"snapshot":{"added":0,"failure":false,"filesAdded":0,"filesRemoved":0,"filesRemovedList":[],"filesUnmatched":0,"filesUpdated":0,"matched":0,"total":0,"unchecked":0,"uncheckedKeysByFile":[],"unmatched":0,"updated":0,"didUpdate":false},"startTime":1785244228676,"success":false,"testResults":[{"assertionResults":[{"ancestorTitles":["apiClient envelope handling"],"fullName":"apiClient envelope handling builds artifact download URLs from VITE_API_BASE_URL","status":"passed","title":"builds artifact download URLs from VITE_API_BASE_URL","duration":2.6007999999997082,"failureMessages":[],"meta":{},"tags":[]},{"ancestorTitles":["apiClient envelope handling"],"fullName":"apiClient envelope handling unwraps the success envelope's data field","status":"passed","title":"unwraps the success envelope's data field","duration":10.458900000000085,"failureMessages":[],"meta":{},"tags":[]},{"ancestorTitles":["apiClient envelope handling"],"fullName":"apiClient envelope handling preserves provider-neutral LLM credentials when rerunning a job","status":"passed","title":"preserves provider-neutral LLM credentials when rerunning a job","duration":4.684999999999945,"failureMessages":[],"meta":{},"tags":[]},{"ancestorTitles":["apiClient envelope handling"],"fullName":"apiClient envelope handling loads runtime capability preflight metadata","status":"passed","title":"loads runtime capability preflight metadata","duration":1.5824999999999818,"failureMessages":[],"meta":{},"tags":[]},{"ancestorTitles":["apiClient envelope handling"],"fullName":"apiClient envelope handling throws ApiClientError with the server-provided code on a structured error envelope","status":"passed","title":"throws ApiClientError with the server-provided code on a structured error envelope","duration":3.0943999999999505,"failureMessages":[],"meta":{},"tags":[]},{"ancestorTitles":["apiClient envelope handling"],"fullName":"apiClient envelope handling does not accept a success envelope carried by an HTTP error response","status":"passed","title":"does not accept a success envelope carried by an HTTP error response","duration":1.1953000000003158,"failureMessages":[],"meta":{},"tags":[]},{"ancestorTitles":["apiClient envelope handling"],"fullName":"apiClient envelope handling produces an ApiClientError for non-JSON responses","status":"passed","title":"produces an ApiClientError for non-JSON responses","duration":1.0353000000000065,"failureMessages":[],"meta":{},"tags":[]},{"ancestorTitles":["apiClient envelope handling"],"fullName":"apiClient envelope handling fetchArtifactJson uses artifact download URL and parses JSON","status":"passed","title":"fetchArtifactJson uses artifact download URL and parses JSON","duration":1.153899999999794,"failureMessages":[],"meta":{},"tags":[]},{"ancestorTitles":["apiClient envelope handling"],"fullName":"apiClient envelope handling fetchArtifactJson throws useful error on parse failure","status":"passed","title":"fetchArtifactJson throws useful error on parse failure","duration":0.8941999999997279,"failureMessages":[],"meta":{},"tags":[]},{"ancestorTitles":["apiClient envelope handling"],"fullName":"apiClient envelope handling adds Authorization header when VITE_DEMO_AUTH_TOKEN is configured","status":"passed","title":"adds Authorization header when VITE_DEMO_AUTH_TOKEN is configured","duration":4.021600000000035,"failureMessages":[],"meta":{},"tags":[]},{"ancestorTitles":["apiClient envelope handling"],"fullName":"apiClient envelope handling prefers the current cloud account token for authenticated API calls","status":"passed","title":"prefers the current cloud account token for authenticated API calls","duration":1.185099999999693,"failureMessages":[],"meta":{},"tags":[]},{"ancestorTitles":["apiClient envelope handling"],"fullName":"apiClient envelope handling downloadArtifact sends Authorization header when configured","status":"passed","title":"downloadArtifact sends Authorization header when configured","duration":8.104100000000017,"failureMessages":[],"meta":{},"tags":[]},{"ancestorTitles":["apiClient envelope handling"],"fullName":"apiClient envelope handling compareJobs posts job_ids payload","status":"passed","title":"compareJobs posts job_ids payload","duration":0.9542999999998756,"failureMessages":[],"meta":{},"tags":[]},{"ancestorTitles":["apiClient envelope handling"],"fullName":"apiClient envelope handling loads every bounded trial page without returning duplicates","status":"passed","title":"loads every bounded trial page without returning duplicates","duration":4.057500000000346,"failureMessages":[],"meta":{},"tags":[]},{"ancestorTitles":["apiClient envelope handling"],"fullName":"apiClient envelope handling uses the approved startup gate and performs one lightweight runtime probe before a real run","status":"passed","title":"uses the approved startup gate and performs one lightweight runtime probe before a real run","duration":5.485099999999875,"failureMessages":[],"meta":{},"tags":[]},{"ancestorTitles":["apiClient envelope handling"],"fullName":"apiClient envelope handling blocks a real run without a cached manual check and never probes automatically","status":"passed","title":"blocks a real run without a cached manual check and never probes automatically","duration":0.7204999999999018,"failureMessages":[],"meta":{},"tags":[]},{"ancestorTitles":["apiClient envelope handling"],"fullName":"apiClient envelope handling does not recheck the environment for metadata-only mutations","status":"passed","title":"does not recheck the environment for metadata-only mutations","duration":1.6023999999997613,"failureMessages":[],"meta":{},"tags":[]},{"ancestorTitles":["apiClient envelope handling"],"fullName":"apiClient envelope handling retries an ambiguous desktop mutation once with the same idempotency key","status":"passed","title":"retries an ambiguous desktop mutation once with the same idempotency key","duration":1.6988000000001193,"failureMessages":[],"meta":{},"tags":[]},{"ancestorTitles":["apiClient envelope handling"],"fullName":"apiClient envelope handling reuses an unresolved mutation key after an application restart boundary","status":"passed","title":"reuses an unresolved mutation key after an application restart boundary","duration":1.6966999999999643,"failureMessages":[],"meta":{},"tags":[]},{"ancestorTitles":["apiClient envelope handling"],"fullName":"apiClient envelope handling loads the versioned parameter catalog from the advanced endpoint","status":"passed","title":"loads the versioned parameter catalog from the advanced endpoint","duration":0.7002000000002226,"failureMessages":[],"meta":{},"tags":[]},{"ancestorTitles":["apiClient envelope handling"],"fullName":"apiClient envelope handling normalizes comparison CSV network failures","status":"passed","title":"normalizes comparison CSV network failures","duration":0.5172999999999774,"failureMessages":[],"meta":{},"tags":[]},{"ancestorTitles":["apiClient envelope handling"],"fullName":"apiClient envelope handling loads constraint-aware candidate and Pareto history for a job","status":"passed","title":"loads constraint-aware candidate and Pareto history for a job","duration":0.5176000000001295,"failureMessages":[],"meta":{},"tags":[]}],"startTime":1785244234574,"endTime":1785244234632.5176,"status":"passed","message":"","name":"Z:/DroneDream-worktrees/aurora-20260728/frontend/src/__tests__/apiClient.test.ts"},{"assertionResults":[{"ancestorTitles":["desktop close protection"],"fullName":"desktop close protection treats a blank new-experiment page as a disposable draft and lets the user return","status":"passed","title":"treats a blank new-experiment page as a disposable draft and lets the user return","duration":585.1588999999999,"failureMessages":[],"meta":{},"tags":[]},{"ancestorTitles":["desktop close protection"],"fullName":"desktop close protection persists the redacted current-session draft before explicit exit confirmation","status":"passed","title":"persists the redacted current-session draft before explicit exit confirmation","duration":177.78070000000025,"failureMessages":[],"meta":{},"tags":[]},{"ancestorTitles":["desktop close protection"],"fullName":"desktop close protection warns about active experiment jobs without running an environment probe","status":"passed","title":"warns about active experiment jobs without running an environment probe","duration":113.79939999999988,"failureMessages":[],"meta":{},"tags":[]},{"ancestorTitles":["desktop close protection"],"fullName":"desktop close protection cancels known jobs and stops the dedicated runtime before destroying the window","status":"passed","title":"cancels known jobs and stops the dedicated runtime before destroying the window","duration":110.42509999999947,"failureMessages":[],"meta":{},"tags":[]},{"ancestorTitles":["desktop close protection"],"fullName":"desktop close protection enumerates every active-job page before cancelling and exiting","status":"passed","title":"enumerates every active-job page before cancelling and exiting","duration":218.83979999999974,"failureMessages":[],"meta":{},"tags":[]},{"ancestorTitles":["desktop close protection"],"fullName":"desktop close protection stops the dedicated runtime and closes without prompting when no work is active","status":"passed","title":"stops the dedicated runtime and closes without prompting when no work is active","duration":57.17499999999927,"failureMessages":[],"meta":{},"tags":[]},{"ancestorTitles":["desktop close protection"],"fullName":"desktop close protection still closes when the bounded runtime stop command reports an error","status":"passed","title":"still closes when the bounded runtime stop command reports an error","duration":68.04299999999967,"failureMessages":[],"meta":{},"tags":[]}],"startTime":1785244232383,"endTime":1785244233714.043,"status":"passed","message":"","name":"Z:/DroneDream-worktrees/aurora-20260728/frontend/src/__tests__/AppExitGuard.test.tsx"},{"assertionResults":[{"ancestorTitles":["workspace account entry"],"fullName":"workspace account entry shows an honest local profile when cloud auth is not configured","status":"passed","title":"shows an honest local profile when cloud auth is not configured","duration":613.7750999999998,"failureMessages":[],"meta":{},"tags":[]},{"ancestorTitles":["workspace account entry"],"fullName":"workspace account entry uses a consistent icon and label for every workspace navigation item","status":"passed","title":"uses a consistent icon and label for every workspace navigation item","duration":54.951800000000276,"failureMessages":[],"meta":{},"tags":[]}],"startTime":1785244232309,"endTime":1785244232977.952,"status":"passed","message":"","name":"Z:/DroneDream-worktrees/aurora-20260728/frontend/src/__tests__/AppShellAccount.test.tsx"},{"assertionResults":[{"ancestorTitles":["workspace email and password authentication"],"fullName":"workspace email and password authentication uses a password for sign-in and exposes the complete registration form immediately","status":"passed","title":"uses a password for sign-in and exposes the complete registration form immediately","duration":1127.4325,"failureMessages":[],"meta":{},"tags":[]}],"startTime":1785244232395,"endTime":1785244233522.4326,"status":"passed","message":"","name":"Z:/DroneDream-worktrees/aurora-20260728/frontend/src/__tests__/AppShellAuthentication.test.tsx"},{"assertionResults":[{"ancestorTitles":["workspace profile photo editor"],"fullName":"workspace profile photo editor offers a local image picker and requests the camera only after a click","status":"passed","title":"offers a local image picker and requests the camera only after a click","duration":947.0853999999999,"failureMessages":[],"meta":{},"tags":[]},{"ancestorTitles":["workspace profile photo editor"],"fullName":"workspace profile photo editor uses icon-only username save and keeps sign out in the profile row","status":"passed","title":"uses icon-only username save and keeps sign out in the profile row","duration":227.39000000000033,"failureMessages":[],"meta":{},"tags":[]},{"ancestorTitles":["workspace profile photo editor"],"fullName":"workspace profile photo editor explains that an insecure HTTP origin cannot request the camera","status":"passed","title":"explains that an insecure HTTP origin cannot request the camera","duration":169.0666000000001,"failureMessages":[],"meta":{},"tags":[]}],"startTime":1785244232409,"endTime":1785244233753.0667,"status":"passed","message":"","name":"Z:/DroneDream-worktrees/aurora-20260728/frontend/src/__tests__/AppShellAvatar.test.tsx"},{"assertionResults":[{"ancestorTitles":["desktop launcher chrome"],"fullName":"desktop launcher chrome moves language selection into an accessible settings dialog","status":"passed","title":"moves language selection into an accessible settings dialog","duration":1477.3703,"failureMessages":[],"meta":{},"tags":[]},{"ancestorTitles":["desktop launcher chrome"],"fullName":"desktop launcher chrome closes the settings dialog with Escape and restores focus","status":"passed","title":"closes the settings dialog with Escape and restores focus","duration":115.17920000000049,"failureMessages":[],"meta":{},"tags":[]},{"ancestorTitles":["desktop launcher chrome"],"fullName":"desktop launcher chrome keeps keyboard focus inside the settings dialog","status":"passed","title":"keeps keyboard focus inside the settings dialog","duration":252.09689999999955,"failureMessages":[],"meta":{},"tags":[]},{"ancestorTitles":["desktop launcher chrome"],"fullName":"desktop launcher chrome shows warning details and updates to a red result after a manual full check","status":"passed","title":"shows warning details and updates to a red result after a manual full check","duration":250.34479999999985,"failureMessages":[],"meta":{},"tags":[]}],"startTime":1785244232403,"endTime":1785244234498.3447,"status":"passed","message":"","name":"Z:/DroneDream-worktrees/aurora-20260728/frontend/src/__tests__/AppShellLauncher.test.tsx"},{"assertionResults":[{"ancestorTitles":["workspace sidebar version module"],"fullName":"workspace sidebar version module does not render the removed version/update pill","status":"passed","title":"does not render the removed version/update pill","duration":472.53989999999976,"failureMessages":[],"meta":{},"tags":[]}],"startTime":1785244232383,"endTime":1785244232855.5398,"status":"passed","message":"","name":"Z:/DroneDream-worktrees/aurora-20260728/frontend/src/__tests__/AppUpdater.test.tsx"},{"assertionResults":[{"ancestorTitles":["ArtifactCard"],"fullName":"ArtifactCard shows schema_version when JSON artifact can be read","status":"passed","title":"shows schema_version when JSON artifact can be read","duration":61.50450000000001,"failureMessages":[],"meta":{},"tags":[]}],"startTime":1785244234498,"endTime":1785244234559.5044,"status":"passed","message":"","name":"Z:/DroneDream-worktrees/aurora-20260728/frontend/src/__tests__/ArtifactCard.test.tsx"},{"assertionResults":[{"ancestorTitles":["assistant parameter provenance"],"fullName":"assistant parameter provenance does not let a later proposed default replace an explicit parameter choice","status":"passed","title":"does not let a later proposed default replace an explicit parameter choice","duration":5.7345000000000255,"failureMessages":[],"meta":{},"tags":[]},{"ancestorTitles":["assistant parameter provenance"],"fullName":"assistant parameter provenance allows a later explicit correction to replace an explicit parameter choice","status":"passed","title":"allows a later explicit correction to replace an explicit parameter choice","duration":1.1660000000001673,"failureMessages":[],"meta":{},"tags":[]},{"ancestorTitles":["assistant parameter provenance"],"fullName":"assistant parameter provenance records later wizard edits as explicit without recording model credentials","status":"passed","title":"records later wizard edits as explicit without recording model credentials","duration":0.8609999999998763,"failureMessages":[],"meta":{},"tags":[]}],"startTime":1785244235196,"endTime":1785244235203.861,"status":"passed","message":"","name":"Z:/DroneDream-worktrees/aurora-20260728/frontend/src/__tests__/assistantDraft.test.ts"},{"assertionResults":[{"ancestorTitles":["AuthContext account profile"],"fullName":"AuthContext account profile defaults to the email prefix and lets the user save a custom username","status":"passed","title":"defaults to the email prefix and lets the user save a custom username","duration":310.5128999999997,"failureMessages":[],"meta":{},"tags":[]},{"ancestorTitles":["AuthContext account profile"],"fullName":"AuthContext account profile uses passwords for sign-in and sets the password only after email-code verification","status":"passed","title":"uses passwords for sign-in and sets the password only after email-code verification","duration":159.36580000000004,"failureMessages":[],"meta":{},"tags":[]}],"startTime":1785244231822,"endTime":1785244232292.3657,"status":"passed","message":"","name":"Z:/DroneDream-worktrees/aurora-20260728/frontend/src/__tests__/AuthContext.test.tsx"},{"assertionResults":[{"ancestorTitles":["runtimeCapabilityErrors"],"fullName":"runtimeCapabilityErrors blocks unavailable real simulation and GPT before queueing","status":"passed","title":"blocks unavailable real simulation and GPT before queueing","duration":2.9740999999999076,"failureMessages":[],"meta":{},"tags":[]},{"ancestorTitles":["runtimeCapabilityErrors"],"fullName":"runtimeCapabilityErrors does not block ready or local-only workflows","status":"passed","title":"does not block ready or local-only workflows","duration":0.905100000000175,"failureMessages":[],"meta":{},"tags":[]},{"ancestorTitles":["runtimeCapabilityErrors"],"fullName":"runtimeCapabilityErrors uses the selected model optimizer capability instead of GPT metadata","status":"passed","title":"uses the selected model optimizer capability instead of GPT metadata","duration":0.5808000000001812,"failureMessages":[],"meta":{},"tags":[]},{"ancestorTitles":["runtimeCapabilityErrors"],"fullName":"runtimeCapabilityErrors fails closed when a discovered capability contract omits selected items","status":"passed","title":"fails closed when a discovered capability contract omits selected items","duration":0.42190000000005057,"failureMessages":[],"meta":{},"tags":[]}],"startTime":1785244235172,"endTime":1785244235176.5808,"status":"passed","message":"","name":"Z:/DroneDream-worktrees/aurora-20260728/frontend/src/__tests__/capabilities.test.ts"},{"assertionResults":[{"ancestorTitles":["cloud model access client"],"fullName":"cloud model access client requires a signed-in account before requesting platform usage","status":"passed","title":"requires a signed-in account before requesting platform usage","duration":11.04340000000002,"failureMessages":[],"meta":{},"tags":[]},{"ancestorTitles":["cloud model access client"],"fullName":"cloud model access client issues a scoped grant without exposing the platform provider key","status":"passed","title":"issues a scoped grant without exposing the platform provider key","duration":8.377100000000155,"failureMessages":[],"meta":{},"tags":[]},{"ancestorTitles":["cloud model access client"],"fullName":"cloud model access client maps an exhausted managed allowance to the typed BYOK boundary","status":"passed","title":"maps an exhausted managed allowance to the typed BYOK boundary","duration":1.9620999999997366,"failureMessages":[],"meta":{},"tags":[]},{"ancestorTitles":["cloud model access client"],"fullName":"cloud model access client loads public plan availability and creates an authenticated checkout","status":"passed","title":"loads public plan availability and creates an authenticated checkout","duration":2.2879000000002634,"failureMessages":[],"meta":{},"tags":[]}],"startTime":1785244235060,"endTime":1785244235084.2878,"status":"passed","message":"","name":"Z:/DroneDream-worktrees/aurora-20260728/frontend/src/__tests__/CloudModelAccess.test.ts"},{"assertionResults":[{"ancestorTitles":["community media validation"],"fullName":"community media validation accepts the production image formats","status":"passed","title":"accepts the production image formats","duration":4.350800000000163,"failureMessages":[],"meta":{},"tags":[]},{"ancestorTitles":["community media validation"],"fullName":"community media validation rejects GIF and non-image uploads before decoding","status":"passed","title":"rejects GIF and non-image uploads before decoding","duration":1.3074000000001433,"failureMessages":[],"meta":{},"tags":[]},{"ancestorTitles":["community media validation"],"fullName":"community media validation rejects source files that are too large to process safely","status":"passed","title":"rejects source files that are too large to process safely","duration":8.389000000000124,"failureMessages":[],"meta":{},"tags":[]}],"startTime":1785244234743,"endTime":1785244234757.389,"status":"passed","message":"","name":"Z:/DroneDream-worktrees/aurora-20260728/frontend/src/__tests__/communityMedia.test.ts"},{"assertionResults":[{"ancestorTitles":["CommunityPage public data loading"],"fullName":"CommunityPage public data loading loads a bounded topic page with database-side counts","status":"passed","title":"loads a bounded topic page with database-side counts","duration":421.6286,"failureMessages":[],"meta":{},"tags":[]},{"ancestorTitles":["CommunityPage public data loading"],"fullName":"CommunityPage public data loading loads only the selected topic's comments when opening a discussion","status":"passed","title":"loads only the selected topic's comments when opening a discussion","duration":216.91530000000012,"failureMessages":[],"meta":{},"tags":[]},{"ancestorTitles":["CommunityPage public data loading"],"fullName":"CommunityPage public data loading shows the cancel action and commits a custom tag with Enter","status":"passed","title":"shows the cancel action and commits a custom tag with Enter","duration":584.4475000000002,"failureMessages":[],"meta":{},"tags":[]},{"ancestorTitles":["CommunityPage public data loading"],"fullName":"CommunityPage public data loading lets only the topic owner delete a topic","status":"passed","title":"lets only the topic owner delete a topic","duration":262.9915999999994,"failureMessages":[],"meta":{},"tags":[]}],"startTime":1785244231825,"endTime":1785244233310.9917,"status":"passed","message":"","name":"Z:/DroneDream-worktrees/aurora-20260728/frontend/src/__tests__/CommunityPage.test.tsx"},{"assertionResults":[{"ancestorTitles":["ComparisonChart"],"fullName":"ComparisonChart forces score to lower-is-better even when payload says otherwise","status":"passed","title":"forces score to lower-is-better even when payload says otherwise","duration":54.11909999999989,"failureMessages":[],"meta":{},"tags":[]}],"startTime":1785244234672,"endTime":1785244234726.1191,"status":"passed","message":"","name":"Z:/DroneDream-worktrees/aurora-20260728/frontend/src/__tests__/ComparisonChart.test.tsx"},{"assertionResults":[{"ancestorTitles":["Dashboard availability"],"fullName":"Dashboard availability keeps the dashboard usable when the local backend is temporarily offline","status":"passed","title":"keeps the dashboard usable when the local backend is temporarily offline","duration":477.2100999999998,"failureMessages":[],"meta":{},"tags":[]}],"startTime":1785244232197,"endTime":1785244232674.2102,"status":"passed","message":"","name":"Z:/DroneDream-worktrees/aurora-20260728/frontend/src/__tests__/DashboardAvailability.test.tsx"},{"assertionResults":[{"ancestorTitles":["desktop bridge"],"fullName":"desktop bridge stays unavailable in a normal browser","status":"passed","title":"stays unavailable in a normal browser","duration":3.159400000000005,"failureMessages":[],"meta":{},"tags":[]},{"ancestorTitles":["desktop bridge"],"fullName":"desktop bridge routes typed calls through the Tauri global API","status":"passed","title":"routes typed calls through the Tauri global API","duration":3.5853000000001884,"failureMessages":[],"meta":{},"tags":[]},{"ancestorTitles":["desktop bridge"],"fullName":"desktop bridge validates the bounded native API response contract","status":"passed","title":"validates the bounded native API response contract","duration":3.5731000000000677,"failureMessages":[],"meta":{},"tags":[]},{"ancestorTitles":["desktop bridge"],"fullName":"desktop bridge accepts only the native unit response for runtime exit termination","status":"passed","title":"accepts only the native unit response for runtime exit termination","duration":0.7397000000000844,"failureMessages":[],"meta":{},"tags":[]},{"ancestorTitles":["desktop bridge"],"fullName":"desktop bridge rejects malformed native responses at the trust boundary","status":"passed","title":"rejects malformed native responses at the trust boundary","duration":0.7665999999999258,"failureMessages":[],"meta":{},"tags":[]},{"ancestorTitles":["desktop bridge"],"fullName":"desktop bridge rejects unknown component states instead of crashing the setup page","status":"passed","title":"rejects unknown component states instead of crashing the setup page","duration":1.525300000000243,"failureMessages":[],"meta":{},"tags":[]},{"ancestorTitles":["desktop bridge"],"fullName":"desktop bridge accepts the complete uninstalled runtime contract including host ownership","status":"passed","title":"accepts the complete uninstalled runtime contract including host ownership","duration":1.0565999999998894,"failureMessages":[],"meta":{},"tags":[]},{"ancestorTitles":["desktop bridge"],"fullName":"desktop bridge rejects a runtime with the wrong identity or missing known required components","status":"passed","title":"rejects a runtime with the wrong identity or missing known required components","duration":1.238800000000083,"failureMessages":[],"meta":{},"tags":[]},{"ancestorTitles":["desktop bridge"],"fullName":"desktop bridge accepts additional required runtime components for forward compatibility","status":"passed","title":"accepts additional required runtime components for forward compatibility","duration":0.6635999999998603,"failureMessages":[],"meta":{},"tags":[]},{"ancestorTitles":["desktop bridge"],"fullName":"desktop bridge rejects contradictory installed, running, ready, and data-root states","status":"passed","title":"rejects contradictory installed, running, ready, and data-root states","duration":1.5653999999999542,"failureMessages":[],"meta":{},"tags":[]},{"ancestorTitles":["desktop bridge"],"fullName":"desktop bridge rejects an install plan for a different or non-canonical target","status":"passed","title":"rejects an install plan for a different or non-canonical target","duration":1.7730000000001382,"failureMessages":[],"meta":{},"tags":[]},{"ancestorTitles":["desktop bridge"],"fullName":"desktop bridge requires the complete ordered install workflow and safe display fields","status":"passed","title":"requires the complete ordered install workflow and safe display fields","duration":0.9992999999999483,"failureMessages":[],"meta":{},"tags":[]},{"ancestorTitles":["desktop bridge"],"fullName":"desktop bridge requires blocker and administrator summaries to agree with the steps","status":"passed","title":"requires blocker and administrator summaries to agree with the steps","duration":1.2492999999999483,"failureMessages":[],"meta":{},"tags":[]},{"ancestorTitles":["desktop bridge"],"fullName":"desktop bridge routes installer lifecycle commands with the exact Tauri request wrapper","status":"passed","title":"routes installer lifecycle commands with the exact Tauri request wrapper","duration":1.7359999999998763,"failureMessages":[],"meta":{},"tags":[]},{"ancestorTitles":["desktop bridge"],"fullName":"desktop bridge strictly validates and routes the atomic installer handoff","status":"passed","title":"strictly validates and routes the atomic installer handoff","duration":1.0183000000001812,"failureMessages":[],"meta":{},"tags":[]},{"ancestorTitles":["desktop bridge"],"fullName":"desktop bridge strictly validates the read-only installer intent peek","status":"passed","title":"strictly validates the read-only installer intent peek","duration":0.8890000000001237,"failureMessages":[],"meta":{},"tags":[]},{"ancestorTitles":["desktop bridge"],"fullName":"desktop bridge strictly validates and routes pending installer-intent discard","status":"passed","title":"strictly validates and routes pending installer-intent discard","duration":0.7267000000001644,"failureMessages":[],"meta":{},"tags":[]},{"ancestorTitles":["desktop bridge"],"fullName":"desktop bridge rejects contradictory read-only installer intents","status":"passed","title":"rejects contradictory read-only installer intents","duration":0.6733000000003813,"failureMessages":[],"meta":{},"tags":[]},{"ancestorTitles":["desktop bridge"],"fullName":"desktop bridge rejects contradictory atomic installer handoff responses","status":"passed","title":"rejects contradictory atomic installer handoff responses","duration":1.037499999999909,"failureMessages":[],"meta":{},"tags":[]},{"ancestorTitles":["desktop bridge"],"fullName":"desktop bridge fails closed for unsafe release URLs and contradictory installer snapshots","status":"passed","title":"fails closed for unsafe release URLs and contradictory installer snapshots","duration":2.710199999999986,"failureMessages":[],"meta":{},"tags":[]},{"ancestorTitles":["desktop bridge"],"fullName":"desktop bridge normalizes optional diagnostic paths and rejects unsafe native paths","status":"passed","title":"normalizes optional diagnostic paths and rejects unsafe native paths","duration":3.139599999999973,"failureMessages":[],"meta":{},"tags":[]},{"ancestorTitles":["desktop bridge"],"fullName":"desktop bridge single-lines native multiline stderr without losing its error identity","status":"passed","title":"single-lines native multiline stderr without losing its error identity","duration":0.685399999999845,"failureMessages":[],"meta":{},"tags":[]},{"ancestorTitles":["desktop bridge"],"fullName":"desktop bridge bounds long Unicode native errors by JavaScript UTF-16 length","status":"passed","title":"bounds long Unicode native errors by JavaScript UTF-16 length","duration":2.20029999999997,"failureMessages":[],"meta":{},"tags":[]},{"ancestorTitles":["desktop bridge"],"fullName":"desktop bridge removes Unicode bidi and format controls from native errors","status":"passed","title":"removes Unicode bidi and format controls from native errors","duration":0.5938000000001011,"failureMessages":[],"meta":{},"tags":[]}],"startTime":1785244234730,"endTime":1785244234767.5938,"status":"passed","message":"","name":"Z:/DroneDream-worktrees/aurora-20260728/frontend/src/__tests__/desktopBridge.test.ts"},{"assertionResults":[{"ancestorTitles":["desktop readiness"],"fullName":"desktop readiness requires supported Windows, known memory, WSL, and a fully ready runtime","status":"passed","title":"requires supported Windows, known memory, WSL, and a fully ready runtime","duration":2.181999999999789,"failureMessages":[],"meta":{},"tags":[]},{"ancestorTitles":["desktop readiness"],"fullName":"desktop readiness does not block an installed runtime for GPU or disk-only probe failures","status":"passed","title":"does not block an installed runtime for GPU or disk-only probe failures","duration":0.5259999999998399,"failureMessages":[],"meta":{},"tags":[]},{"ancestorTitles":["desktop readiness"],"fullName":"desktop readiness requires every required component to be ready","status":"passed","title":"requires every required component to be ready","duration":0.3908999999998741,"failureMessages":[],"meta":{},"tags":[]},{"ancestorTitles":["desktop readiness"],"fullName":"desktop readiness distinguishes confirmed missing from an uncertain failed probe","status":"passed","title":"distinguishes confirmed missing from an uncertain failed probe","duration":0.29719999999997526,"failureMessages":[],"meta":{},"tags":[]},{"ancestorTitles":["desktop readiness"],"fullName":"desktop readiness auto-starts only a confirmed stopped runtime with valid ownership","status":"passed","title":"auto-starts only a confirmed stopped runtime with valid ownership","duration":0.36439999999993233,"failureMessages":[],"meta":{},"tags":[]},{"ancestorTitles":["desktop readiness"],"fullName":"desktop readiness shares one automatic start across concurrent readiness callers","status":"passed","title":"shares one automatic start across concurrent readiness callers","duration":55.290500000000065,"failureMessages":[],"meta":{},"tags":[]},{"ancestorTitles":["desktop readiness"],"fullName":"desktop readiness suppresses automatic retry after failure until readiness is restored","status":"passed","title":"suppresses automatic retry after failure until readiness is restored","duration":2.1305999999999585,"failureMessages":[],"meta":{},"tags":[]}],"startTime":1785244231793,"endTime":1785244231854.1306,"status":"passed","message":"","name":"Z:/DroneDream-worktrees/aurora-20260728/frontend/src/__tests__/desktopReadiness.test.ts"},{"assertionResults":[{"ancestorTitles":["DesktopSetup"],"fullName":"DesktopSetup explains the capability boundary in a normal browser","status":"passed","title":"explains the capability boundary in a normal browser","duration":375.14779999999973,"failureMessages":[],"meta":{},"tags":[]},{"ancestorTitles":["DesktopSetup"],"fullName":"DesktopSetup shows a ready installed runtime without offering a duplicate install","status":"passed","title":"shows a ready installed runtime without offering a duplicate install","duration":188.67320000000018,"failureMessages":[],"meta":{},"tags":[]},{"ancestorTitles":["DesktopSetup"],"fullName":"DesktopSetup holds startup at 99 percent while a configured account is still loading","status":"passed","title":"holds startup at 99 percent while a configured account is still loading","duration":103.38670000000002,"failureMessages":[],"meta":{},"tags":[]},{"ancestorTitles":["DesktopSetup"],"fullName":"DesktopSetup holds startup at 99 percent until the configured account signs in","status":"passed","title":"holds startup at 99 percent until the configured account signs in","duration":114.31460000000061,"failureMessages":[],"meta":{},"tags":[]},{"ancestorTitles":["DesktopSetup"],"fullName":"DesktopSetup reaches 100 percent only after the local backend accepts the signed-in account","status":"passed","title":"reaches 100 percent only after the local backend accepts the signed-in account","duration":151.66020000000026,"failureMessages":[],"meta":{},"tags":[]},{"ancestorTitles":["DesktopSetup"],"fullName":"DesktopSetup keeps the workspace locked when the backend identity differs from the signed-in account","status":"passed","title":"keeps the workspace locked when the backend identity differs from the signed-in account","duration":96.09749999999985,"failureMessages":[],"meta":{},"tags":[]},{"ancestorTitles":["DesktopSetup"],"fullName":"DesktopSetup blocks entry and offers the signed updater when a newer application is available","status":"passed","title":"blocks entry and offers the signed updater when a newer application is available","duration":179.77600000000075,"failureMessages":[],"meta":{},"tags":[]},{"ancestorTitles":["DesktopSetup"],"fullName":"DesktopSetup keeps checking through a transient system-probe timeout instead of showing an error","status":"passed","title":"keeps checking through a transient system-probe timeout instead of showing an error","duration":1054.2991000000002,"failureMessages":[],"meta":{},"tags":[]},{"ancestorTitles":["DesktopSetup"],"fullName":"DesktopSetup does not unlock the workspace until a completed install passes fresh health checks","status":"passed","title":"does not unlock the workspace until a completed install passes fresh health checks","duration":124.0005000000001,"failureMessages":[],"meta":{},"tags":[]},{"ancestorTitles":["DesktopSetup"],"fullName":"DesktopSetup shows the install plan only when the runtime is confirmed missing","status":"passed","title":"shows the install plan only when the runtime is confirmed missing","duration":94.78590000000077,"failureMessages":[],"meta":{},"tags":[]},{"ancestorTitles":["DesktopSetup"],"fullName":"DesktopSetup explains which guarded feature sent the user to setup","status":"passed","title":"explains which guarded feature sent the user to setup","duration":36.57639999999992,"failureMessages":[],"meta":{},"tags":[]},{"ancestorTitles":["DesktopSetup"],"fullName":"DesktopSetup starts a confirmed install-all handoff automatically exactly once","status":"passed","title":"starts a confirmed install-all handoff automatically exactly once","duration":168.20499999999993,"failureMessages":[],"meta":{},"tags":[]},{"ancestorTitles":["DesktopSetup"],"fullName":"DesktopSetup does not claim the handoff until the exact plan and controls have rendered","status":"passed","title":"does not claim the handoff until the exact plan and controls have rendered","duration":119.53219999999965,"failureMessages":[],"meta":{},"tags":[]},{"ancestorTitles":["DesktopSetup"],"fullName":"DesktopSetup cancels a confirmed automatic install before a runtime operation starts","status":"passed","title":"cancels a confirmed automatic install before a runtime operation starts","duration":186.10210000000006,"failureMessages":[],"meta":{},"tags":[]},{"ancestorTitles":["DesktopSetup"],"fullName":"DesktopSetup reveals an active operation when auto-start completes after a successful discard","status":"passed","title":"reveals an active operation when auto-start completes after a successful discard","duration":184.88749999999982,"failureMessages":[],"meta":{},"tags":[]},{"ancestorTitles":["DesktopSetup"],"fullName":"DesktopSetup keeps the journal and attaches progress when pending discard is too late","status":"passed","title":"keeps the journal and attaches progress when pending discard is too late","duration":130.20139999999992,"failureMessages":[],"meta":{},"tags":[]},{"ancestorTitles":["DesktopSetup"],"fullName":"DesktopSetup consumes a blocked confirmed target and falls back to a simple retry","status":"passed","title":"consumes a blocked confirmed target and falls back to a simple retry","duration":113.86579999999958,"failureMessages":[],"meta":{},"tags":[]},{"ancestorTitles":["DesktopSetup"],"fullName":"DesktopSetup keeps a ready handoff pending when its exact plan rejects, then retries safely","status":"passed","title":"keeps a ready handoff pending when its exact plan rejects, then retries safely","duration":107.41589999999997,"failureMessages":[],"meta":{},"tags":[]},{"ancestorTitles":["DesktopSetup"],"fullName":"DesktopSetup never auto-starts after a prerequisite probe failure and exposes atomic cancel","status":"passed","title":"never auto-starts after a prerequisite probe failure and exposes atomic cancel","duration":80.59569999999985,"failureMessages":[],"meta":{},"tags":[]},{"ancestorTitles":["DesktopSetup"],"fullName":"DesktopSetup resumes the validated target without asking for storage again","status":"passed","title":"resumes the validated target without asking for storage again","duration":67.88230000000021,"failureMessages":[],"meta":{},"tags":[]},{"ancestorTitles":["DesktopSetup"],"fullName":"DesktopSetup recovers an active native operation after an auto-start contract error","status":"passed","title":"recovers an active native operation after an auto-start contract error","duration":91.61200000000008,"failureMessages":[],"meta":{},"tags":[]},{"ancestorTitles":["DesktopSetup"],"fullName":"DesktopSetup keeps manual start locked when auto-start fails with no observable operation","status":"passed","title":"keeps manual start locked when auto-start fails with no observable operation","duration":86.1886000000004,"failureMessages":[],"meta":{},"tags":[]},{"ancestorTitles":["DesktopSetup"],"fullName":"DesktopSetup does not auto-install after an app-only choice and explains the option in Chinese","status":"passed","title":"does not auto-install after an app-only choice and explains the option in Chinese","duration":49.81540000000041,"failureMessages":[],"meta":{},"tags":[]},{"ancestorTitles":["DesktopSetup"],"fullName":"DesktopSetup surfaces fail-closed cleanup recovery for an app-only receipt","status":"passed","title":"surfaces fail-closed cleanup recovery for an app-only receipt","duration":169.02530000000024,"failureMessages":[],"meta":{},"tags":[]},{"ancestorTitles":["DesktopSetup"],"fullName":"DesktopSetup cleans a terminal receipt and verifies an already installed runtime","status":"passed","title":"cleans a terminal receipt and verifies an already installed runtime","duration":208.6291000000001,"failureMessages":[],"meta":{},"tags":[]},{"ancestorTitles":["DesktopSetup"],"fullName":"DesktopSetup returns to explicit manual retry after cleaning a failed terminal receipt","status":"passed","title":"returns to explicit manual retry after cleaning a failed terminal receipt","duration":201.15709999999945,"failureMessages":[],"meta":{},"tags":[]},{"ancestorTitles":["DesktopSetup"],"fullName":"DesktopSetup fails closed for an invalid handoff without silently starting on another disk","status":"passed","title":"fails closed for an invalid handoff without silently starting on another disk","duration":211.20929999999953,"failureMessages":[],"meta":{},"tags":[]},{"ancestorTitles":["DesktopSetup"],"fullName":"DesktopSetup restores an interrupted installer-owned operation without a second start call","status":"passed","title":"restores an interrupted installer-owned operation without a second start call","duration":50.69759999999951,"failureMessages":[],"meta":{},"tags":[]},{"ancestorTitles":["DesktopSetup"],"fullName":"DesktopSetup starts and cancels a published runtime installation with live byte progress","status":"passed","title":"starts and cancels a published runtime installation with live byte progress","duration":138.1133000000009,"failureMessages":[],"meta":{},"tags":[]},{"ancestorTitles":["DesktopSetup"],"fullName":"DesktopSetup explains the runtime_service_unhealthy runtime health failure without exposing raw details first","status":"passed","title":"explains the runtime_service_unhealthy runtime health failure without exposing raw details first","duration":45.42419999999947,"failureMessages":[],"meta":{},"tags":[]},{"ancestorTitles":["DesktopSetup"],"fullName":"DesktopSetup explains the runtime_host_connectivity runtime health failure without exposing raw details first","status":"passed","title":"explains the runtime_host_connectivity runtime health failure without exposing raw details first","duration":48.701999999999316,"failureMessages":[],"meta":{},"tags":[]},{"ancestorTitles":["DesktopSetup"],"fullName":"DesktopSetup explains the runtime_health_unknown runtime health failure without exposing raw details first","status":"passed","title":"explains the runtime_health_unknown runtime health failure without exposing raw details first","duration":49.10239999999976,"failureMessages":[],"meta":{},"tags":[]},{"ancestorTitles":["DesktopSetup"],"fullName":"DesktopSetup shows and copies the exported diagnostic path","status":"passed","title":"shows and copies the exported diagnostic path","duration":92.46140000000014,"failureMessages":[],"meta":{},"tags":[]},{"ancestorTitles":["DesktopSetup"],"fullName":"DesktopSetup keeps the runtime health dialog fully localized in Chinese","status":"passed","title":"keeps the runtime health dialog fully localized in Chinese","duration":52.25140000000101,"failureMessages":[],"meta":{},"tags":[]},{"ancestorTitles":["DesktopSetup"],"fullName":"DesktopSetup offers a safe retry and restart continuation for resumable installs","status":"passed","title":"offers a safe retry and restart continuation for resumable installs","duration":82.08749999999964,"failureMessages":[],"meta":{},"tags":[]},{"ancestorTitles":["DesktopSetup"],"fullName":"DesktopSetup cancels an installer-owned restart continuation without using ordinary start","status":"passed","title":"cancels an installer-owned restart continuation without using ordinary start","duration":85.54449999999997,"failureMessages":[],"meta":{},"tags":[]},{"ancestorTitles":["DesktopSetup"],"fullName":"DesktopSetup uses the recommended fixed disk without showing another storage step","status":"passed","title":"uses the recommended fixed disk without showing another storage step","duration":13.091800000000148,"failureMessages":[],"meta":{},"tags":[]},{"ancestorTitles":["DesktopSetup"],"fullName":"DesktopSetup does not offer paths that are not fixed local drive roots","status":"passed","title":"does not offer paths that are not fixed local drive roots","duration":12.160899999998946,"failureMessages":[],"meta":{},"tags":[]},{"ancestorTitles":["DesktopSetup"],"fullName":"DesktopSetup keeps the Chinese first-run launcher compact","status":"passed","title":"keeps the Chinese first-run launcher compact","duration":11.970699999999852,"failureMessages":[],"meta":{},"tags":[]},{"ancestorTitles":["DesktopSetup"],"fullName":"DesktopSetup keeps successful sections when one desktop command fails","status":"passed","title":"keeps successful sections when one desktop command fails","duration":10.64980000000105,"failureMessages":[],"meta":{},"tags":[]},{"ancestorTitles":["DesktopSetup"],"fullName":"DesktopSetup does not enable local tuning without a fresh supported system report","status":"passed","title":"does not enable local tuning without a fresh supported system report","duration":32.50590000000011,"failureMessages":[],"meta":{},"tags":[]},{"ancestorTitles":["DesktopSetup"],"fullName":"DesktopSetup fails closed when required memory information is missing or insufficient","status":"passed","title":"fails closed when required memory information is missing or insufficient","duration":38.56100000000151,"failureMessages":[],"meta":{},"tags":[]},{"ancestorTitles":["DesktopSetup"],"fullName":"DesktopSetup does not expose manual diagnostics on a healthy launcher","status":"passed","title":"does not expose manual diagnostics on a healthy launcher","duration":17.166400000000067,"failureMessages":[],"meta":{},"tags":[]},{"ancestorTitles":["DesktopSetup"],"fullName":"DesktopSetup does not request a default install plan when no eligible disk exists","status":"passed","title":"does not request a default install plan when no eligible disk exists","duration":167.21510000000126,"failureMessages":[],"meta":{},"tags":[]},{"ancestorTitles":["DesktopSetup"],"fullName":"DesktopSetup does not offer first installation when the runtime probe is uncertain","status":"passed","title":"does not offer first installation when the runtime probe is uncertain","duration":15.804700000000594,"failureMessages":[],"meta":{},"tags":[]},{"ancestorTitles":["DesktopSetup"],"fullName":"DesktopSetup shows attention for an installed runtime with an unhealthy required component","status":"passed","title":"shows attention for an installed runtime with an unhealthy required component","duration":64.2479000000003,"failureMessages":[],"meta":{},"tags":[]},{"ancestorTitles":["DesktopSetup"],"fullName":"DesktopSetup starts an installed runtime that is currently stopped","status":"passed","title":"starts an installed runtime that is currently stopped","duration":62.8171999999995,"failureMessages":[],"meta":{},"tags":[]},{"ancestorTitles":["DesktopSetup"],"fullName":"DesktopSetup rejects a native plan whose canInstall flag contradicts its blockers","status":"passed","title":"rejects a native plan whose canInstall flag contradicts its blockers","duration":17.154099999999744,"failureMessages":[],"meta":{},"tags":[]},{"ancestorTitles":["DesktopSetup"],"fullName":"DesktopSetup stops the request chain after the page is unmounted","status":"passed","title":"stops the request chain after the page is unmounted","duration":1.6885999999994965,"failureMessages":[],"meta":{},"tags":[]},{"ancestorTitles":["DesktopSetup"],"fullName":"DesktopSetup localizes stable native component and plan-step identifiers","status":"passed","title":"localizes stable native component and plan-step identifiers","duration":13.579599999999118,"failureMessages":[],"meta":{},"tags":[]},{"ancestorTitles":["DesktopSetup"],"fullName":"DesktopSetup formats desktop storage values using binary units","status":"passed","title":"formats desktop storage values using binary units","duration":0.35419999999976426,"failureMessages":[],"meta":{},"tags":[]},{"ancestorTitles":["DesktopSetup"],"fullName":"DesktopSetup keeps the healthy launcher free of a details or refresh control","status":"passed","title":"keeps the healthy launcher free of a details or refresh control","duration":18.438599999999497,"failureMessages":[],"meta":{},"tags":[]}],"startTime":1785244232308,"endTime":1785244238146.4387,"status":"passed","message":"","name":"Z:/DroneDream-worktrees/aurora-20260728/frontend/src/__tests__/DesktopSetup.test.tsx"},{"assertionResults":[{"ancestorTitles":["desktop startup identity gate"],"fullName":"desktop startup identity gate does not let a stale account verification override a newer blocked state","status":"passed","title":"does not let a stale account verification override a newer blocked state","duration":2.494499999999789,"failureMessages":[],"meta":{},"tags":[]},{"ancestorTitles":["desktop startup identity gate"],"fullName":"desktop startup identity gate binds approval to the newest signed-in account when accounts change","status":"passed","title":"binds approval to the newest signed-in account when accounts change","duration":0.4776999999999134,"failureMessages":[],"meta":{},"tags":[]}],"startTime":1785244235260,"endTime":1785244235263.4778,"status":"passed","message":"","name":"Z:/DroneDream-worktrees/aurora-20260728/frontend/src/__tests__/desktopStartupGate.test.ts"},{"assertionResults":[{"ancestorTitles":["experiment draft storage migration"],"fullName":"experiment draft storage migration prefers a valid v3 draft and does not remigrate an existing v1 draft","status":"passed","title":"prefers a valid v3 draft and does not remigrate an existing v1 draft","duration":3.085099999999784,"failureMessages":[],"meta":{},"tags":[]},{"ancestorTitles":["experiment draft storage migration"],"fullName":"experiment draft storage migration migrates a legacy seven-step draft to v3 step zero without restoring its secret","status":"passed","title":"migrates a legacy seven-step draft to v3 step zero without restoring its secret","duration":0.9268999999999323,"failureMessages":[],"meta":{},"tags":[]},{"ancestorTitles":["experiment draft storage migration"],"fullName":"experiment draft storage migration keeps the v1 draft when the migrated v3 draft cannot be written","status":"passed","title":"keeps the v1 draft when the migrated v3 draft cannot be written","duration":1.3427999999998974,"failureMessages":[],"meta":{},"tags":[]},{"ancestorTitles":["experiment draft storage migration"],"fullName":"experiment draft storage migration does not fall back to v1 when a v2 key exists but is invalid","status":"passed","title":"does not fall back to v1 when a v2 key exists but is invalid","duration":0.3068999999995867,"failureMessages":[],"meta":{},"tags":[]},{"ancestorTitles":["experiment draft storage migration"],"fullName":"experiment draft storage migration saves only a redacted v3 draft and removes stale prior drafts afterward","status":"passed","title":"saves only a redacted v3 draft and removes stale prior drafts afterward","duration":0.6326999999996588,"failureMessages":[],"meta":{},"tags":[]},{"ancestorTitles":["experiment draft storage migration"],"fullName":"experiment draft storage migration restores a redacted persistent draft in a new app session","status":"passed","title":"restores a redacted persistent draft in a new app session","duration":0.32280000000037035,"failureMessages":[],"meta":{},"tags":[]},{"ancestorTitles":["experiment draft storage migration"],"fullName":"experiment draft storage migration preserves, redacts, and restores a legacy draft closed before migration","status":"passed","title":"preserves, redacts, and restores a legacy draft closed before migration","duration":0.7217999999998028,"failureMessages":[],"meta":{},"tags":[]},{"ancestorTitles":["experiment draft storage migration"],"fullName":"experiment draft storage migration restores a redacted v2 draft persisted during exit","status":"passed","title":"restores a redacted v2 draft persisted during exit","duration":0.3647999999998319,"failureMessages":[],"meta":{},"tags":[]}],"startTime":1785244235022,"endTime":1785244235029.3647,"status":"passed","message":"","name":"Z:/DroneDream-worktrees/aurora-20260728/frontend/src/__tests__/draftStorage.test.ts"},{"assertionResults":[{"ancestorTitles":["DroneLaunchScene localization"],"fullName":"DroneLaunchScene localization renders an English-only telemetry overlay in English","status":"passed","title":"renders an English-only telemetry overlay in English","duration":269.46410000000014,"failureMessages":[],"meta":{},"tags":[]},{"ancestorTitles":["DroneLaunchScene localization"],"fullName":"DroneLaunchScene localization renders a Chinese-only telemetry overlay in Chinese","status":"passed","title":"renders a Chinese-only telemetry overlay in Chinese","duration":32.02399999999989,"failureMessages":[],"meta":{},"tags":[]},{"ancestorTitles":["drone starflight trajectory"],"fullName":"drone starflight trajectory starts and finishes at the hovering platform","status":"passed","title":"starts and finishes at the hovering platform","duration":1.043999999999869,"failureMessages":[],"meta":{},"tags":[]},{"ancestorTitles":["drone starflight trajectory"],"fullName":"drone starflight trajectory flies into the starfield, completes an orbit, and returns smoothly","status":"passed","title":"flies into the starfield, completes an orbit, and returns smoothly","duration":0.8686000000002423,"failureMessages":[],"meta":{},"tags":[]},{"ancestorTitles":["drone starflight trajectory"],"fullName":"drone starflight trajectory eases into and out of the distance-normalized remote arc","status":"passed","title":"eases into and out of the distance-normalized remote arc","duration":0.5306000000000495,"failureMessages":[],"meta":{},"tags":[]},{"ancestorTitles":["drone starflight trajectory"],"fullName":"drone starflight trajectory keeps every sampled pose finite and physically scaled","status":"passed","title":"keeps every sampled pose finite and physically scaled","duration":48.73669999999993,"failureMessages":[],"meta":{},"tags":[]},{"ancestorTitles":["drone starflight trajectory"],"fullName":"drone starflight trajectory clamps trajectory progress outside the animation range","status":"passed","title":"clamps trajectory progress outside the animation range","duration":1.3730000000000473,"failureMessages":[],"meta":{},"tags":[]}],"startTime":1785244231876,"endTime":1785244232230.373,"status":"passed","message":"","name":"Z:/DroneDream-worktrees/aurora-20260728/frontend/src/__tests__/DroneLaunchScene.test.tsx"},{"assertionResults":[{"ancestorTitles":["drone render performance controller"],"fullName":"drone render performance controller fully stops the render loop for reduced motion, hidden documents, and offscreen scenes","status":"passed","title":"fully stops the render loop for reduced motion, hidden documents, and offscreen scenes","duration":1.4924000000000888,"failureMessages":[],"meta":{},"tags":[]},{"ancestorTitles":["drone render performance controller"],"fullName":"drone render performance controller starts conservatively while retaining quality steps up to the display DPR","status":"passed","title":"starts conservatively while retaining quality steps up to the display DPR","duration":1.012499999999818,"failureMessages":[],"meta":{},"tags":[]},{"ancestorTitles":["drone render performance controller"],"fullName":"drone render performance controller estimates the display cadence without treating occasional long frames as refresh rate","status":"passed","title":"estimates the display cadence without treating occasional long frames as refresh rate","duration":0.46669999999994616,"failureMessages":[],"meta":{},"tags":[]},{"ancestorTitles":["drone render performance controller"],"fullName":"drone render performance controller drops one DPR step after sustained missed frames","status":"passed","title":"drops one DPR step after sustained missed frames","duration":0.4428000000002612,"failureMessages":[],"meta":{},"tags":[]},{"ancestorTitles":["drone render performance controller"],"fullName":"drone render performance controller only raises quality after a long stable interactive period and returns to idle","status":"passed","title":"only raises quality after a long stable interactive period and returns to idle","duration":1.9281000000000859,"failureMessages":[],"meta":{},"tags":[]}],"startTime":1785244235112,"endTime":1785244235116.928,"status":"passed","message":"","name":"Z:/DroneDream-worktrees/aurora-20260728/frontend/src/__tests__/droneRenderPerformance.test.ts"},{"assertionResults":[{"ancestorTitles":["ECE498 course tribute"],"fullName":"ECE498 course tribute renders a one-line English course introduction and seven-stage timeline","status":"passed","title":"renders a one-line English course introduction and seven-stage timeline","duration":360.78690000000006,"failureMessages":[],"meta":{},"tags":[]},{"ancestorTitles":["ECE498 course tribute"],"fullName":"ECE498 course tribute renders a fully separate Chinese copy set","status":"passed","title":"renders a fully separate Chinese copy set","duration":97.66829999999982,"failureMessages":[],"meta":{},"tags":[]},{"ancestorTitles":["ECE498 course tribute"],"fullName":"ECE498 course tribute keeps milestone details stable until a milestone is selected","status":"passed","title":"keeps milestone details stable until a milestone is selected","duration":403.1654999999996,"failureMessages":[],"meta":{},"tags":[]},{"ancestorTitles":["ECE498 course tribute"],"fullName":"ECE498 course tribute supports arrow, Home, and End navigation across the milestone tabs","status":"passed","title":"supports arrow, Home, and End navigation across the milestone tabs","duration":85.01569999999992,"failureMessages":[],"meta":{},"tags":[]},{"ancestorTitles":["ECE498 course tribute"],"fullName":"ECE498 course tribute opens the extended professor tribute without crowding the one-screen overview","status":"passed","title":"opens the extended professor tribute without crowding the one-screen overview","duration":273.5650000000005,"failureMessages":[],"meta":{},"tags":[]},{"ancestorTitles":["ECE498 course tribute"],"fullName":"ECE498 course tribute keeps only the course website icon and removes the redundant footer links","status":"passed","title":"keeps only the course website icon and removes the redundant footer links","duration":61.3713000000007,"failureMessages":[],"meta":{},"tags":[]}],"startTime":1785244231793,"endTime":1785244233075.3713,"status":"passed","message":"","name":"Z:/DroneDream-worktrees/aurora-20260728/frontend/src/__tests__/ECE498.test.tsx"},{"assertionResults":[{"ancestorTitles":["conversational experiment drafting"],"fullName":"conversational experiment drafting compiles a turn into the shared V3 draft without persisting the API key","status":"passed","title":"compiles a turn into the shared V3 draft without persisting the API key","duration":677.7820000000002,"failureMessages":[],"meta":{},"tags":[]},{"ancestorTitles":["conversational experiment drafting"],"fullName":"conversational experiment drafting does not request microphone permission until the user clicks the voice button","status":"passed","title":"does not request microphone permission until the user clicks the voice button","duration":388.40589999999975,"failureMessages":[],"meta":{},"tags":[]},{"ancestorTitles":["conversational experiment drafting"],"fullName":"conversational experiment drafting keeps the manual five-step path available beside the conversation path","status":"passed","title":"keeps the manual five-step path available beside the conversation path","duration":213.29109999999946,"failureMessages":[],"meta":{},"tags":[]},{"ancestorTitles":["conversational experiment drafting"],"fullName":"conversational experiment drafting shows the included managed model by default without exposing a key","status":"passed","title":"shows the included managed model by default without exposing a key","duration":43.67870000000039,"failureMessages":[],"meta":{},"tags":[]},{"ancestorTitles":["conversational experiment drafting"],"fullName":"conversational experiment drafting inserts only a template body and keeps its heading out of the prompt","status":"passed","title":"inserts only a template body and keeps its heading out of the prompt","duration":100.47369999999955,"failureMessages":[],"meta":{},"tags":[]},{"ancestorTitles":["conversational experiment drafting"],"fullName":"conversational experiment drafting imports a supported reference file from the add menu","status":"passed","title":"imports a supported reference file from the add menu","duration":159.92039999999997,"failureMessages":[],"meta":{},"tags":[]},{"ancestorTitles":["conversational experiment drafting"],"fullName":"conversational experiment drafting clears the conversation and shared experiment draft only after confirmation","status":"passed","title":"clears the conversation and shared experiment draft only after confirmation","duration":224.14019999999982,"failureMessages":[],"meta":{},"tags":[]},{"ancestorTitles":["conversational experiment drafting"],"fullName":"conversational experiment drafting explains that a 404 assistant route means the installed Runtime is outdated","status":"passed","title":"explains that a 404 assistant route means the installed Runtime is outdated","duration":127.32709999999952,"failureMessages":[],"meta":{},"tags":[]},{"ancestorTitles":["conversational experiment drafting"],"fullName":"conversational experiment drafting asks for a manual environment check only after a send hits an unavailable Runtime","status":"passed","title":"asks for a manual environment check only after a send hits an unavailable Runtime","duration":134.71880000000056,"failureMessages":[],"meta":{},"tags":[]}],"startTime":1785244232460,"endTime":1785244234529.7188,"status":"passed","message":"","name":"Z:/DroneDream-worktrees/aurora-20260728/frontend/src/__tests__/ExperimentAssistant.test.tsx"},{"assertionResults":[{"ancestorTitles":["job status formatting helpers"],"fullName":"job status formatting helpers keeps polling while a job holds the bounded finalization lease","status":"passed","title":"keeps polling while a job holds the bounded finalization lease","duration":2.5795000000000528,"failureMessages":[],"meta":{},"tags":[]}],"startTime":1785244235320,"endTime":1785244235322.5796,"status":"passed","message":"","name":"Z:/DroneDream-worktrees/aurora-20260728/frontend/src/__tests__/format.test.ts"},{"assertionResults":[{"ancestorTitles":["GazeboLivePanel"],"fullName":"GazeboLivePanel does not render iframe when URL is empty","status":"passed","title":"does not render iframe when URL is empty","duration":18.55040000000008,"failureMessages":[],"meta":{},"tags":[]},{"ancestorTitles":["GazeboLivePanel"],"fullName":"GazeboLivePanel renders iframe and warning text when URL is provided","status":"passed","title":"renders iframe and warning text when URL is provided","duration":55.59780000000001,"failureMessages":[],"meta":{},"tags":[]}],"startTime":1785244234200,"endTime":1785244234274.598,"status":"passed","message":"","name":"Z:/DroneDream-worktrees/aurora-20260728/frontend/src/__tests__/GazeboLivePanel.test.tsx"},{"assertionResults":[{"ancestorTitles":["History compare selection"],"fullName":"History compare selection enables Compare button after selecting at least two jobs","status":"passed","title":"enables Compare button after selecting at least two jobs","duration":523.4070999999999,"failureMessages":[],"meta":{},"tags":[]},{"ancestorTitles":["History compare selection"],"fullName":"History compare selection loads every job page instead of hiding history beyond the first page","status":"passed","title":"loads every job page instead of hiding history beyond the first page","duration":3.614100000000235,"failureMessages":[],"meta":{},"tags":[]},{"ancestorTitles":["History compare selection"],"fullName":"History compare selection filters jobs by name, simulator, and optimizer and clears every filter","status":"passed","title":"filters jobs by name, simulator, and optimizer and clears every filter","duration":430.78870000000006,"failureMessages":[],"meta":{},"tags":[]},{"ancestorTitles":["History compare selection"],"fullName":"History compare selection shows confirm modal and cancels deletion","status":"passed","title":"shows confirm modal and cancels deletion","duration":340.40660000000025,"failureMessages":[],"meta":{},"tags":[]},{"ancestorTitles":["History compare selection"],"fullName":"History compare selection confirms deletion and refetches jobs","status":"passed","title":"confirms deletion and refetches jobs","duration":355.4916000000003,"failureMessages":[],"meta":{},"tags":[]},{"ancestorTitles":["History compare selection"],"fullName":"History compare selection localizes filters, enum values, and the delete dialog as one language","status":"passed","title":"localizes filters, enum values, and the delete dialog as one language","duration":386.04079999999976,"failureMessages":[],"meta":{},"tags":[]}],"startTime":1785244232225,"endTime":1785244234265.0408,"status":"passed","message":"","name":"Z:/DroneDream-worktrees/aurora-20260728/frontend/src/__tests__/HistoryCompare.test.tsx"},{"assertionResults":[{"ancestorTitles":["I18nProvider"],"fullName":"I18nProvider switches the core product language and persists the choice","status":"passed","title":"switches the core product language and persists the choice","duration":185.3141999999998,"failureMessages":[],"meta":{},"tags":[]},{"ancestorTitles":["I18nProvider"],"fullName":"I18nProvider still starts when reading the stored locale is denied","status":"passed","title":"still starts when reading the stored locale is denied","duration":5.708900000000085,"failureMessages":[],"meta":{},"tags":[]},{"ancestorTitles":["I18nProvider"],"fullName":"I18nProvider defaults to English in the browser even when the operating system uses Chinese","status":"passed","title":"defaults to English in the browser even when the operating system uses Chinese","duration":2.3117999999999483,"failureMessages":[],"meta":{},"tags":[]},{"ancestorTitles":["I18nProvider"],"fullName":"I18nProvider uses Chinese only when a fresh desktop install recorded Chinese","status":"passed","title":"uses Chinese only when a fresh desktop install recorded Chinese","duration":10.438100000000304,"failureMessages":[],"meta":{},"tags":[]},{"ancestorTitles":["I18nProvider"],"fullName":"I18nProvider keeps the selected in-memory locale when persistence fails","status":"passed","title":"keeps the selected in-memory locale when persistence fails","duration":25.164400000000114,"failureMessages":[],"meta":{},"tags":[]}],"startTime":1785244231610,"endTime":1785244231839.1643,"status":"passed","message":"","name":"Z:/DroneDream-worktrees/aurora-20260728/frontend/src/__tests__/I18nProvider.test.tsx"},{"assertionResults":[{"ancestorTitles":["Chinese experiment wizard"],"fullName":"Chinese experiment wizard keeps all five steps Chinese, compact, read-only, and sequential","status":"passed","title":"keeps all five steps Chinese, compact, read-only, and sequential","duration":3912.7644999999998,"failureMessages":[],"meta":{},"tags":[]}],"startTime":1785244232365,"endTime":1785244236277.7644,"status":"passed","message":"","name":"Z:/DroneDream-worktrees/aurora-20260728/frontend/src/__tests__/I18nWizard.test.tsx"},{"assertionResults":[{"ancestorTitles":["JobCompare page"],"fullName":"JobCompare page renders comparison table and CSV button","status":"passed","title":"renders comparison table and CSV button","duration":287.0025999999998,"failureMessages":[],"meta":{},"tags":[]}],"startTime":1785244232032,"endTime":1785244232319.0027,"status":"passed","message":"","name":"Z:/DroneDream-worktrees/aurora-20260728/frontend/src/__tests__/JobCompare.test.tsx"},{"assertionResults":[{"ancestorTitles":["JobDetail — Phase 8 best-so-far rendering"],"fullName":"JobDetail — Phase 8 best-so-far rendering shows custom track count and preview when track_type=custom","status":"passed","title":"shows custom track count and preview when track_type=custom","duration":160.6610999999998,"failureMessages":[],"meta":{},"tags":[]},{"ancestorTitles":["JobDetail — Phase 8 best-so-far rendering"],"fullName":"JobDetail — Phase 8 best-so-far rendering renders best-so-far metrics and a budget-exhausted banner for COMPLETED+READY report","status":"passed","title":"renders best-so-far metrics and a budget-exhausted banner for COMPLETED+READY report","duration":362.0693000000001,"failureMessages":[],"meta":{},"tags":[]},{"ancestorTitles":["JobDetail — Phase 8 best-so-far rendering"],"fullName":"JobDetail — Phase 8 best-so-far rendering surfaces worst-case max error and incomplete holdout evidence","status":"passed","title":"surfaces worst-case max error and incomplete holdout evidence","duration":169.74350000000004,"failureMessages":[],"meta":{},"tags":[]},{"ancestorTitles":["JobDetail — Phase 8 best-so-far rendering"],"fullName":"JobDetail — Phase 8 best-so-far rendering labels llm_optimizer rows as 'GPT Gen N' and heuristic as 'Heuristic #N'","status":"passed","title":"labels llm_optimizer rows as 'GPT Gen N' and heuristic as 'Heuristic #N'","duration":204.2435000000005,"failureMessages":[],"meta":{},"tags":[]},{"ancestorTitles":["JobDetail — Phase 8 best-so-far rendering"],"fullName":"JobDetail — Phase 8 best-so-far rendering labels cma_es optimizer rows as 'CMA-ES Gen N'","status":"passed","title":"labels cma_es optimizer rows as 'CMA-ES Gen N'","duration":97.77800000000025,"failureMessages":[],"meta":{},"tags":[]},{"ancestorTitles":["JobDetail — Phase 8 best-so-far rendering"],"fullName":"JobDetail — Phase 8 best-so-far rendering renders the portfolio with a localized name and accuracy-first description","status":"passed","title":"renders the portfolio with a localized name and accuracy-first description","duration":70.9360000000006,"failureMessages":[],"meta":{},"tags":[]},{"ancestorTitles":["JobDetail — Phase 8 best-so-far rendering"],"fullName":"JobDetail — Phase 8 best-so-far rendering renders a PASS/FAIL badge per completed trial based on pass_flag","status":"passed","title":"renders a PASS/FAIL badge per completed trial based on pass_flag","duration":72.86239999999998,"failureMessages":[],"meta":{},"tags":[]},{"ancestorTitles":["JobDetail — Phase 8 best-so-far rendering"],"fullName":"JobDetail — Phase 8 best-so-far rendering shows the classic failure banner when FAILED job has no report","status":"passed","title":"shows the classic failure banner when FAILED job has no report","duration":80.69679999999971,"failureMessages":[],"meta":{},"tags":[]},{"ancestorTitles":["JobDetail — Phase 8 best-so-far rendering"],"fullName":"JobDetail — Phase 8 best-so-far rendering rerun for gpt asks for a fresh OpenAI key and stays gpt-based","status":"passed","title":"rerun for gpt asks for a fresh OpenAI key and stays gpt-based","duration":130.42709999999988,"failureMessages":[],"meta":{},"tags":[]},{"ancestorTitles":["JobDetail — Phase 8 best-so-far rendering"],"fullName":"JobDetail — Phase 8 best-so-far rendering renders artifact cards for long paths with grouped sections","status":"passed","title":"renders artifact cards for long paths with grouped sections","duration":136.71460000000025,"failureMessages":[],"meta":{},"tags":[]},{"ancestorTitles":["JobDetail — Phase 8 best-so-far rendering"],"fullName":"JobDetail — Phase 8 best-so-far rendering shows top Download PDF report button when pdf artifact exists","status":"passed","title":"shows top Download PDF report button when pdf artifact exists","duration":167.3131999999996,"failureMessages":[],"meta":{},"tags":[]},{"ancestorTitles":["JobDetail — Phase 8 best-so-far rendering"],"fullName":"JobDetail — Phase 8 best-so-far rendering does not show top Download PDF report button when no pdf artifact","status":"passed","title":"does not show top Download PDF report button when no pdf artifact","duration":81.53279999999995,"failureMessages":[],"meta":{},"tags":[]}],"startTime":1785244232264,"endTime":1785244233998.5327,"status":"passed","message":"","name":"Z:/DroneDream-worktrees/aurora-20260728/frontend/src/__tests__/JobDetail.test.tsx"},{"assertionResults":[{"ancestorTitles":["ModelAccessProvider"],"fullName":"ModelAccessProvider clears the in-memory credential when its provider changes","status":"passed","title":"clears the in-memory credential when its provider changes","duration":231.19720000000007,"failureMessages":[],"meta":{},"tags":[]},{"ancestorTitles":["ModelAccessProvider"],"fullName":"ModelAccessProvider defaults to the included platform allowance and persists only the mode","status":"passed","title":"defaults to the included platform allowance and persists only the mode","duration":38.54730000000018,"failureMessages":[],"meta":{},"tags":[]}],"startTime":1785244231789,"endTime":1785244232058.5474,"status":"passed","message":"","name":"Z:/DroneDream-worktrees/aurora-20260728/frontend/src/__tests__/ModelAccessProvider.test.tsx"},{"assertionResults":[{"ancestorTitles":["NewJob experiment wizard"],"fullName":"NewJob experiment wizard collects the experiment name before entering the wizard and cancels back","status":"passed","title":"collects the experiment name before entering the wizard and cancels back","duration":1092.9605000000006,"failureMessages":[],"meta":{},"tags":[]},{"ancestorTitles":["NewJob experiment wizard"],"fullName":"NewJob experiment wizard renders five locked steps, a combined flight setup, and a safe non-GPT default","status":"passed","title":"renders five locked steps, a combined flight setup, and a safe non-GPT default","duration":2285.1823000000004,"failureMessages":[],"meta":{},"tags":[]},{"ancestorTitles":["NewJob experiment wizard"],"fullName":"NewJob experiment wizard keeps selected PX4 parameters to one preview row and opens the complete list","status":"passed","title":"keeps selected PX4 parameters to one preview row and opens the complete list","duration":773.8100000000004,"failureMessages":[],"meta":{},"tags":[]},{"ancestorTitles":["NewJob experiment wizard"],"fullName":"NewJob experiment wizard persists a validated Next transition immediately and keeps completed steps after Back","status":"passed","title":"persists a validated Next transition immediately and keeps completed steps after Back","duration":801.1313999999993,"failureMessages":[],"meta":{},"tags":[]},{"ancestorTitles":["NewJob experiment wizard"],"fullName":"NewJob experiment wizard keeps semantic option changes compact without helper paragraphs","status":"passed","title":"keeps semantic option changes compact without helper paragraphs","duration":1435.5521000000008,"failureMessages":[],"meta":{},"tags":[]},{"ancestorTitles":["NewJob experiment wizard"],"fullName":"NewJob experiment wizard submits per-job Gazebo runtime controls for reproducible parallel runs","status":"passed","title":"submits per-job Gazebo runtime controls for reproducible parallel runs","duration":853.3974999999991,"failureMessages":[],"meta":{},"tags":[]},{"ancestorTitles":["NewJob experiment wizard"],"fullName":"NewJob experiment wizard disables Next while the current step is invalid","status":"passed","title":"disables Next while the current step is invalid","duration":336.16569999999956,"failureMessages":[],"meta":{},"tags":[]},{"ancestorTitles":["NewJob experiment wizard"],"fullName":"NewJob experiment wizard fails closed when the selected PX4 version has no matching parameter catalog","status":"passed","title":"fails closed when the selected PX4 version has no matching parameter catalog","duration":222.2457000000013,"failureMessages":[],"meta":{},"tags":[]},{"ancestorTitles":["NewJob experiment wizard"],"fullName":"NewJob experiment wizard validates the tuning objective before leaving the combined flight setup","status":"passed","title":"validates the tuning objective before leaving the combined flight setup","duration":645.0817999999999,"failureMessages":[],"meta":{},"tags":[]},{"ancestorTitles":["NewJob experiment wizard"],"fullName":"NewJob experiment wizard validates custom JSON and keeps it synchronized with the waypoint editor","status":"passed","title":"validates custom JSON and keeps it synchronized with the waypoint editor","duration":1339.187399999999,"failureMessages":[],"meta":{},"tags":[]},{"ancestorTitles":["NewJob experiment wizard"],"fullName":"NewJob experiment wizard lets advanced users choose real PX4 dimensions and validates ranges","status":"passed","title":"lets advanced users choose real PX4 dimensions and validates ranges","duration":845.8383999999987,"failureMessages":[],"meta":{},"tags":[]},{"ancestorTitles":["NewJob experiment wizard"],"fullName":"NewJob experiment wizard applies objective profile weights and marks manual edits as custom","status":"passed","title":"applies objective profile weights and marks manual edits as custom","duration":494.45470000000023,"failureMessages":[],"meta":{},"tags":[]},{"ancestorTitles":["NewJob experiment wizard"],"fullName":"NewJob experiment wizard does not submit stale inactive tail-risk values","status":"passed","title":"does not submit stale inactive tail-risk values","duration":826.642600000001,"failureMessages":[],"meta":{},"tags":[]},{"ancestorTitles":["NewJob experiment wizard"],"fullName":"NewJob experiment wizard keeps empty parameter inputs invalid instead of coercing them to zero","status":"passed","title":"keeps empty parameter inputs invalid instead of coercing them to zero","duration":790.0540000000001,"failureMessages":[],"meta":{},"tags":[]},{"ancestorTitles":["NewJob experiment wizard"],"fullName":"NewJob experiment wizard disables Next without showing an alert when no tuning parameter is selected","status":"passed","title":"disables Next without showing an alert when no tuning parameter is selected","duration":406.23679999999877,"failureMessages":[],"meta":{},"tags":[]},{"ancestorTitles":["NewJob experiment wizard"],"fullName":"NewJob experiment wizard allows explicit companion selection without a visible dependency alert","status":"passed","title":"allows explicit companion selection without a visible dependency alert","duration":731.3038000000015,"failureMessages":[],"meta":{},"tags":[]},{"ancestorTitles":["NewJob experiment wizard"],"fullName":"NewJob experiment wizard rejects a budget that cannot run the baseline matrix and first candidate","status":"passed","title":"rejects a budget that cannot run the baseline matrix and first candidate","duration":548.4125000000022,"failureMessages":[],"meta":{},"tags":[]},{"ancestorTitles":["NewJob experiment wizard"],"fullName":"NewJob experiment wizard applies scenario presets and validates obstacle geometry","status":"passed","title":"applies scenario presets and validates obstacle geometry","duration":824.5930000000008,"failureMessages":[],"meta":{},"tags":[]},{"ancestorTitles":["NewJob experiment wizard"],"fullName":"NewJob experiment wizard requires a search case and submits only the explicitly enabled scenario matrix","status":"passed","title":"requires a search case and submits only the explicitly enabled scenario matrix","duration":1358.3135999999977,"failureMessages":[],"meta":{},"tags":[]},{"ancestorTitles":["NewJob experiment wizard"],"fullName":"NewJob experiment wizard shows verified and extension-gated PX4/Gazebo scenario capabilities","status":"passed","title":"shows verified and extension-gated PX
[...]
ose your allowance.\u001b[0m\n                \u001b[36m</span>\u001b[39m\n              \u001b[36m</h1>\u001b[39m\n            \u001b[36m</header>\u001b[39m\n            \u001b[36m<div\u001b[39m\n              \u001b[33maria-label\u001b[39m=\u001b[32m\"Workspace type\"\u001b[39m\n              \u001b[33mclass\u001b[39m=\u001b[32m\"pricing-audience\"\u001b[39m\n              \u001b[33mrole\u001b[39m=\u001b[32m\"tablist...\n    at Proxy.<anonymous> (file:///Z:/DroneDream/frontend/node_modules/@vitest/expect/dist/index.js:1487:10)\n    at Proxy.<anonymous> (file:///Z:/DroneDream/frontend/node_modules/@vitest/expect/dist/index.js:1156:15)\n    at Proxy.methodWrapper (file:///Z:/DroneDream/frontend/node_modules/chai/index.js:1700:25)\n    at Z:/DroneDream-worktrees/aurora-20260728/frontend/src/__tests__/PublicSite.test.tsx:178:21\n    at runWithExpensiveErrorDiagnosticsDisabled (Z:\\DroneDream\\frontend\\node_modules\\@testing-library\\dom\\dist\\config.js:47:12)\n    at checkCallback (Z:\\DroneDream\\frontend\\node_modules\\@testing-library\\dom\\dist\\wait-for.js:124:77)\n    at Timeout.checkRealTimersCallback (Z:\\DroneDream\\frontend\\node_modules\\@testing-library\\dom\\dist\\wait-for.js:118:16)\n    at listOnTimeout (node:internal/timers:605:17)\n    at processTimers (node:internal/timers:541:7)"],"meta":{},"tags":[]},{"ancestorTitles":["DroneDream public website"],"fullName":"DroneDream public website shows honest inactive payment options without simulating a purchase","status":"passed","title":"shows honest inactive payment options without simulating a purchase","duration":90.42559999999958,"failureMessages":[],"meta":{},"tags":[]},{"ancestorTitles":["DroneDream public website"],"fullName":"DroneDream public website requires an account before a visitor can publish a community topic","status":"passed","title":"requires an account before a visitor can publish a community topic","duration":62.61750000000029,"failureMessages":[],"meta":{},"tags":[]},{"ancestorTitles":["DroneDream public website"],"fullName":"DroneDream public website switches the entire website to Simplified Chinese","status":"passed","title":"switches the entire website to Simplified Chinese","duration":485.65509999999995,"failureMessages":[],"meta":{},"tags":[]},{"ancestorTitles":["DroneDream public website"],"fullName":"DroneDream public website continues rendering when an external URL contains a malformed hash","status":"passed","title":"continues rendering when an external URL contains a malformed hash","duration":138.10660000000098,"failureMessages":[],"meta":{},"tags":[]},{"ancestorTitles":["DroneDream public website"],"fullName":"DroneDream public website removes the starflight control when the operating system requests reduced motion","status":"passed","title":"removes the starflight control when the operating system requests reduced motion","duration":85.47879999999896,"failureMessages":[],"meta":{},"tags":[]},{"ancestorTitles":["DroneDream public website"],"fullName":"DroneDream public website validates release metadata and formats binary sizes","status":"passed","title":"validates release metadata and formats binary sizes","duration":2.504399999999805,"failureMessages":[],"meta":{},"tags":[]},{"ancestorTitles":["DroneDream public website"],"fullName":"DroneDream public website uses a valid same-origin non-downgrade release manifest for every download link","status":"passed","title":"uses a valid same-origin non-downgrade release manifest for every download link","duration":186.10980000000018,"failureMessages":[],"meta":{},"tags":[]},{"ancestorTitles":["DroneDream public website"],"fullName":"DroneDream public website uses a valid GitHub Release manifest for every global download link","status":"passed","title":"uses a valid GitHub Release manifest for every global download link","duration":183.22669999999925,"failureMessages":[],"meta":{},"tags":[]},{"ancestorTitles":["DroneDream public website"],"fullName":"DroneDream public website does not replace the embedded release with stale metadata","status":"passed","title":"does not replace the embedded release with stale metadata","duration":93.02900000000045,"failureMessages":[],"meta":{},"tags":[]}],"startTime":1785244232656,"endTime":1785244237791.029,"status":"failed","message":"","name":"Z:/DroneDream-worktrees/aurora-20260728/frontend/src/__tests__/PublicSite.test.tsx"},{"assertionResults":[{"ancestorTitles":["environment-aware routing"],"fullName":"environment-aware routing uses cached pre-workspace readiness without rechecking guarded routes","status":"passed","title":"uses cached pre-workspace readiness without rechecking guarded routes","duration":1237.0883000000003,"failureMessages":[],"meta":{},"tags":[]},{"ancestorTitles":["environment-aware routing"],"fullName":"environment-aware routing routes a true desktop cold start through the 3D launcher","status":"passed","title":"routes a true desktop cold start through the 3D launcher","duration":24.102400000000216,"failureMessages":[],"meta":{},"tags":[]},{"ancestorTitles":["environment-aware routing"],"fullName":"environment-aware routing guards runtime-backed routes while keeping preview and static pages open","status":"passed","title":"guards runtime-backed routes while keeping preview and static pages open","duration":20.939300000000003,"failureMessages":[],"meta":{},"tags":[]},{"ancestorTitles":["environment-aware routing"],"fullName":"environment-aware routing redirects direct desktop navigation when readiness is missing or uncertain","status":"passed","title":"redirects direct desktop navigation when readiness is missing or uncertain","duration":23.523799999999937,"failureMessages":[],"meta":{},"tags":[]},{"ancestorTitles":["environment-aware routing"],"fullName":"environment-aware routing does not probe or start a stopped runtime from a guarded deep link","status":"passed","title":"does not probe or start a stopped runtime from a guarded deep link","duration":23.389400000000023,"failureMessages":[],"meta":{},"tags":[]},{"ancestorTitles":["environment-aware routing"],"fullName":"environment-aware routing fails closed when either desktop readiness command rejects","status":"passed","title":"fails closed when either desktop readiness command rejects","duration":23.817000000000007,"failureMessages":[],"meta":{},"tags":[]},{"ancestorTitles":["environment-aware routing"],"fullName":"environment-aware routing keeps browser routes unguarded","status":"passed","title":"keeps browser routes unguarded","duration":32.659400000000005,"failureMessages":[],"meta":{},"tags":[]},{"ancestorTitles":["environment-aware routing"],"fullName":"environment-aware routing recovers unknown desktop and browser routes inside the product","status":"passed","title":"recovers unknown desktop and browser routes inside the product","duration":40.85039999999981,"failureMessages":[],"meta":{},"tags":[]},{"ancestorTitles":["environment-aware routing"],"fullName":"environment-aware routing redirects retired batch pages to the overview","status":"passed","title":"redirects retired batch pages to the overview","duration":27.17360000000008,"failureMessages":[],"meta":{},"tags":[]}],"startTime":1785244231502,"endTime":1785244232956.1736,"status":"passed","message":"","name":"Z:/DroneDream-worktrees/aurora-20260728/frontend/src/__tests__/router.test.ts"},{"assertionResults":[{"ancestorTitles":["desktop runtime access UX"],"fullName":"desktop runtime access UX keeps read-only pages visible, marks runtime routes, and avoids backend calls","status":"passed","title":"keeps read-only pages visible, marks runtime routes, and avoids backend calls","duration":663.924,"failureMessages":[],"meta":{},"tags":[]},{"ancestorTitles":["desktop runtime access UX"],"fullName":"desktop runtime access UX starts an owned stopped runtime only after the explicit settings check","status":"passed","title":"starts an owned stopped runtime only after the explicit settings check","duration":889.2221,"failureMessages":[],"meta":{},"tags":[]},{"ancestorTitles":["desktop runtime access UX"],"fullName":"desktop runtime access UX shows one actionable failure when a manually requested start fails","status":"passed","title":"shows one actionable failure when a manually requested start fails","duration":496.5762000000004,"failureMessages":[],"meta":{},"tags":[]},{"ancestorTitles":["desktop runtime access UX"],"fullName":"desktop runtime access UX does not auto-start from the explicit setup route","status":"passed","title":"does not auto-start from the explicit setup route","duration":41.006099999999606,"failureMessages":[],"meta":{},"tags":[]},{"ancestorTitles":["desktop runtime access UX"],"fullName":"desktop runtime access UX never checks on workspace entry, navigation, settings open, or locale changes","status":"passed","title":"never checks on workspace entry, navigation, settings open, or locale changes","duration":522.6433999999999,"failureMessages":[],"meta":{},"tags":[]},{"ancestorTitles":["desktop runtime access UX"],"fullName":"desktop runtime access UX syncs a focus recheck from ready to stopped into the global gate","status":"passed","title":"syncs a focus recheck from ready to stopped into the global gate","duration":177.13619999999992,"failureMessages":[],"meta":{},"tags":[]}],"startTime":1785244232450,"endTime":1785244235240.1362,"status":"passed","message":"","name":"Z:/DroneDream-worktrees/aurora-20260728/frontend/src/__tests__/RuntimeAccessUx.test.tsx"},{"assertionResults":[{"ancestorTitles":["TrackEditor2D"],"fullName":"TrackEditor2D uses accessible icon actions and confirms before clearing every waypoint","status":"passed","title":"uses accessible icon actions and confirms before clearing every waypoint","duration":1142.1036,"failureMessages":[],"meta":{},"tags":[]},{"ancestorTitles":["TrackEditor2D"],"fullName":"TrackEditor2D exposes a visual pane beside one independently scrollable data pane","status":"passed","title":"exposes a visual pane beside one independently scrollable data pane","duration":16.64160000000038,"failureMessages":[],"meta":{},"tags":[]},{"ancestorTitles":["TrackEditor2D"],"fullName":"TrackEditor2D cycles through XY, XZ, YZ and interactive 3D views and edits Z by dragging","status":"passed","title":"cycles through XY, XZ, YZ and interactive 3D views and edits Z by dragging","duration":721.6084000000001,"failureMessages":[],"meta":{},"tags":[]},{"ancestorTitles":["TrackEditor2D"],"fullName":"TrackEditor2D adds grid columns for a long 3D track instead of stretching fixed cells","status":"passed","title":"adds grid columns for a long 3D track instead of stretching fixed cells","duration":389.34540000000015,"failureMessages":[],"meta":{},"tags":[]},{"ancestorTitles":["TrackEditor2D"],"fullName":"TrackEditor2D clamps planar dragging to the visible plot using stable drag-start bounds","status":"passed","title":"clamps planar dragging to the visible plot using stable drag-start bounds","duration":36.27300000000014,"failureMessages":[],"meta":{},"tags":[]},{"ancestorTitles":["TrackEditor2D"],"fullName":"TrackEditor2D scrolls to and highlights a clicked graphical waypoint and mirrors table selection","status":"passed","title":"scrolls to and highlights a clicked graphical waypoint and mirrors table selection","duration":29.325600000000122,"failureMessages":[],"meta":{},"tags":[]},{"ancestorTitles":["TrackEditor2D"],"fullName":"TrackEditor2D keeps the editor controls and view labels fully localized in Chinese","status":"passed","title":"keeps the editor controls and view labels fully localized in Chinese","duration":162.79510000000028,"failureMessages":[],"meta":{},"tags":[]}],"startTime":1785244231609,"endTime":1785244234106.7952,"status":"passed","message":"","name":"Z:/DroneDream-worktrees/aurora-20260728/frontend/src/__tests__/TrackEditor2D.test.tsx"},{"assertionResults":[{"ancestorTitles":["TrajectoryReplay"],"fullName":"TrajectoryReplay defaults to 2D view","status":"passed","title":"defaults to 2D view","duration":75.66089999999986,"failureMessages":[],"meta":{},"tags":[]},{"ancestorTitles":["TrajectoryReplay"],"fullName":"TrajectoryReplay switches to 3D view after selecting it","status":"passed","title":"switches to 3D view after selecting it","duration":46.32939999999962,"failureMessages":[],"meta":{},"tags":[]},{"ancestorTitles":["TrajectoryReplay"],"fullName":"TrajectoryReplay shows empty state when artifacts are missing","status":"passed","title":"shows empty state when artifacts are missing","duration":5.634499999999662,"failureMessages":[],"meta":{},"tags":[]},{"ancestorTitles":["TrajectoryReplay"],"fullName":"TrajectoryReplay keeps the actual trajectory usable when an optional reference fails","status":"passed","title":"keeps the actual trajectory usable when an optional reference fails","duration":27.647699999999986,"failureMessages":[],"meta":{},"tags":[]},{"ancestorTitles":["TrajectoryReplay"],"fullName":"TrajectoryReplay applies playback speed once rather than multiplying both step and timer","status":"passed","title":"applies playback speed once rather than multiplying both step and timer","duration":288.52170000000024,"failureMessages":[],"meta":{},"tags":[]}],"startTime":1785244232151,"endTime":1785244232594.5217,"status":"passed","message":"","name":"Z:/DroneDream-worktrees/aurora-20260728/frontend/src/__tests__/TrajectoryReplay.test.tsx"},{"assertionResults":[{"ancestorTitles":["trajectoryReplayMath"],"fullName":"trajectoryReplayMath extractPoints supports samples/points/trajectory/path/reference_track","status":"passed","title":"extractPoints supports samples/points/trajectory/path/reference_track","duration":5.099999999999909,"failureMessages":[],"meta":{},"tags":[]},{"ancestorTitles":["trajectoryReplayMath"],"fullName":"trajectoryReplayMath uses z=0 default when z is missing","status":"passed","title":"uses z=0 default when z is missing","duration":1.2541999999998552,"failureMessages":[],"meta":{},"tags":[]},{"ancestorTitles":["trajectoryReplayMath"],"fullName":"trajectoryReplayMath 3D projection returns finite SVG coordinates","status":"passed","title":"3D projection returns finite SVG coordinates","duration":1.1619000000000597,"failureMessages":[],"meta":{},"tags":[]},{"ancestorTitles":["trajectoryReplayMath"],"fullName":"trajectoryReplayMath 3D projection remains valid when all z are identical","status":"passed","title":"3D projection remains valid when all z are identical","duration":0.4920000000001892,"failureMessages":[],"meta":{},"tags":[]},{"ancestorTitles":["trajectoryReplayMath"],"fullName":"trajectoryReplayMath uses shared bounds so actual and reference points remain aligned","status":"passed","title":"uses shared bounds so actual and reference points remain aligned","duration":1.0691000000001623,"failureMessages":[],"meta":{},"tags":[]},{"ancestorTitles":["trajectoryReplayMath"],"fullName":"trajectoryReplayMath returns a safe empty projection for an empty track","status":"passed","title":"returns a safe empty projection for an empty track","duration":0.3708999999998923,"failureMessages":[],"meta":{},"tags":[]}],"startTime":1785244235178,"endTime":1785244235187.3708,"status":"passed","message":"","name":"Z:/DroneDream-worktrees/aurora-20260728/frontend/src/__tests__/trajectoryReplayMath.test.ts"},{"assertionResults":[{"ancestorTitles":["selectReplayArtifactsForTrial"],"fullName":"selectReplayArtifactsForTrial prefers telemetry_json/reference_track_json artifacts","status":"passed","title":"prefers telemetry_json/reference_track_json artifacts","duration":3.2829999999999018,"failureMessages":[],"meta":{},"tags":[]},{"ancestorTitles":["selectReplayArtifactsForTrial"],"fullName":"selectReplayArtifactsForTrial keeps compatibility with legacy trajectory_plot/reference_track names","status":"passed","title":"keeps compatibility with legacy trajectory_plot/reference_track names","duration":0.6374000000000706,"failureMessages":[],"meta":{},"tags":[]}],"startTime":1785244235307,"endTime":1785244235310.6375,"status":"passed","message":"","name":"Z:/DroneDream-worktrees/aurora-20260728/frontend/src/__tests__/trajectoryReplayUtils.test.ts"},{"assertionResults":[{"ancestorTitles":["TrialDetail artifacts — Phase 8 polish"],"fullName":"TrialDetail artifacts — Phase 8 polish shows real_cli trial-level artifacts filtered by owner_type+owner_id","status":"passed","title":"shows real_cli trial-level artifacts filtered by owner_type+owner_id","duration":683.8789999999999,"failureMessages":[],"meta":{},"tags":[]},{"ancestorTitles":["TrialDetail artifacts — Phase 8 polish"],"fullName":"TrialDetail artifacts — Phase 8 polish keeps the mock-simulator note on trials with no real_cli artifacts","status":"passed","title":"keeps the mock-simulator note on trials with no real_cli artifacts","duration":110.85399999999936,"failureMessages":[],"meta":{},"tags":[]},{"ancestorTitles":["TrialDetail artifacts — Phase 8 polish"],"fullName":"TrialDetail artifacts — Phase 8 polish shows replay empty state when telemetry/trajectory artifacts are missing","status":"passed","title":"shows replay empty state when telemetry/trajectory artifacts are missing","duration":32.615200000000186,"failureMessages":[],"meta":{},"tags":[]}],"startTime":1785244232270,"endTime":1785244233097.6152,"status":"passed","message":"","name":"Z:/DroneDream-worktrees/aurora-20260728/frontend/src/__tests__/TrialDetail.test.tsx"},{"assertionResults":[{"ancestorTitles":["experiment trial planning"],"fullName":"experiment trial planning schedules only complete scenario matrices within the hard budget","status":"passed","title":"schedules only complete scenario matrices within the hard budget","duration":2.0617999999999483,"failureMessages":[],"meta":{},"tags":[]},{"ancestorTitles":["experiment trial planning"],"fullName":"experiment trial planning requires a baseline and a candidate for optimizer runs","status":"passed","title":"requires a baseline and a candidate for optimizer runs","duration":0.47400000000016007,"failureMessages":[],"meta":{},"tags":[]},{"ancestorTitles":["experiment trial planning"],"fullName":"experiment trial planning fails closed when seeds or search cases are invalid","status":"passed","title":"fails closed when seeds or search cases are invalid","duration":0.4102999999997792,"failureMessages":[],"meta":{},"tags":[]},{"ancestorTitles":["experiment trial planning"],"fullName":"experiment trial planning scales experimental optimizer batches while retaining legacy compatibility","status":"passed","title":"scales experimental optimizer batches while retaining legacy compatibility","duration":0.38840000000004693,"failureMessages":[],"meta":{},"tags":[]}],"startTime":1785244235210,"endTime":1785244235213.4104,"status":"passed","message":"","name":"Z:/DroneDream-worktrees/aurora-20260728/frontend/src/__tests__/trialPlan.test.ts"},{"assertionResults":[{"ancestorTitles":["experiment workspace registry"],"fullName":"experiment workspace registry isolates workspaces by account and resumes each scoped draft","status":"passed","title":"isolates workspaces by account and resumes each scoped draft","duration":7.101599999999962,"failureMessages":[],"meta":{},"tags":[]},{"ancestorTitles":["experiment workspace registry"],"fullName":"experiment workspace registry sorts pinned workspaces first and retains created jobs without a draft","status":"passed","title":"sorts pinned workspaces first and retains created jobs without a draft","duration":2.0648000000001048,"failureMessages":[],"meta":{},"tags":[]},{"ancestorTitles":["experiment workspace registry"],"fullName":"experiment workspace registry prunes an abandoned draft entry once its session draft is gone","status":"passed","title":"prunes an abandoned draft entry once its session draft is gone","duration":1.95049999999992,"failureMessages":[],"meta":{},"tags":[]}],"startTime":1785244234906,"endTime":1785244234916.9504,"status":"passed","message":"","name":"Z:/DroneDream-worktrees/aurora-20260728/frontend/src/__tests__/workspaceRegistry.test.ts"}]}