<?xml version="1.0" encoding="utf-8"?><testsuites name="pytest tests"><testsuite name="pytest" errors="0" failures="0" skipped="0" tests="59" time="65.471" timestamp="2026-07-28T12:56:41.124622+08:00" hostname="Zhangchi805"><testcase classname="tests.test_generalization_evidence" name="test_seed_shift_receipt_is_direction_aware_and_content_addressed" time="0.002" /><testcase classname="tests.test_generalization_evidence" name="test_mixed_validation_suite_records_type_and_configuration_shift" time="0.001" /><testcase classname="tests.test_generalization_evidence" name="test_incomplete_validation_is_not_assessable_or_qualified" time="0.001" /><testcase classname="tests.test_generalization_evidence" name="test_missing_validation_matrix_rows_cannot_qualify" time="0.001" /><testcase classname="tests.test_generalization_evidence" name="test_compiler_rejects_unsupported_status_and_missing_training_domain" time="0.001" /><testcase classname="tests.test_harness_ablation" name="test_harness_ablation_is_deterministic_and_claim_bounded" time="0.004" /><testcase classname="tests.test_harness_ablation" name="test_harness_ablation_rejects_hash_or_claim_upgrade" time="0.005" /><testcase classname="tests.test_harness_ablation" name="test_committed_harness_ablation_matches_current_contracts_and_hashes" time="0.006" /><testcase classname="tests.test_harness_ablation" name="test_harness_ablation_writer_supports_reproducible_check_mode" time="0.019" /><testcase classname="tests.test_harness_component_ablation" name="test_committed_component_ablation_is_offline_matched_and_claim_bounded" time="0.047" /><testcase classname="tests.test_harness_component_ablation" name="test_ablation_really_removes_memory_and_reflection_before_routing" time="0.045" /><testcase classname="tests.test_harness_component_ablation" name="test_component_ablation_rejects_claim_or_metric_tamper" time="0.087" /><testcase classname="tests.test_harness_component_ablation" name="test_component_ablation_files_and_check_mode_are_reproducible" time="0.148" /><testcase classname="tests.test_harness_component_ablation" name="test_manifest_rejects_hash_tamper" time="0.001" /><testcase classname="tests.test_harness_routing_campaign" name="test_campaign_runs_exact_prompts_and_creates_loadable_artifact" time="0.029" /><testcase classname="tests.test_harness_routing_campaign" name="test_campaign_rejects_ineligible_decision_without_publishing" time="0.006" /><testcase classname="tests.test_harness_routing_campaign" name="test_campaign_redacts_provider_errors" time="0.002" /><testcase classname="tests.test_harness_routing_campaign" name="test_frozen_writer_refuses_to_replace_existing_artifact" time="0.010" /><testcase classname="tests.test_harness_routing_evaluation" name="test_routing_eval_corpus_is_broad_unique_and_schema_valid" time="0.005" /><testcase classname="tests.test_harness_routing_evaluation" name="test_routing_eval_uses_exact_production_prompt_without_answer_leakage" time="0.008" /><testcase classname="tests.test_harness_routing_evaluation" name="test_routing_eval_grades_complete_predictions_by_category" time="0.002" /><testcase classname="tests.test_harness_routing_evaluation" name="test_routing_eval_reports_non_adaptive_baselines_and_prediction_lift" time="0.003" /><testcase classname="tests.test_harness_routing_evaluation" name="test_routing_eval_rejects_incomplete_or_unknown_predictions" time="0.002" /><testcase classname="tests.test_harness_routing_evaluation" name="test_prediction_artifact_binds_corpus_prompts_versions_and_model" time="0.026" /><testcase classname="tests.test_harness_routing_evaluation" name="test_previous_online_provider_freeze_is_rejected_after_contract_upgrade" time="0.002" /><testcase classname="tests.test_harness_routing_evaluation" name="test_routing_eval_compiler_preserves_decision_signals" time="0.002" /><testcase classname="tests.test_harness_routing_evaluation" name="test_routing_eval_prompt_preserves_verified_observational_reflection" time="0.002" /><testcase classname="tests.test_harness_routing_evaluation" name="test_eight_verified_reflections_remain_bounded" time="0.002" /><testcase classname="tests.test_harness_routing_evaluation" name="test_tool_eligibility_changes_only_at_explicit_precondition_boundaries" time="0.002" /><testcase classname="tests.test_harness_routing_holdout" name="test_locked_holdout_is_hash_bound_and_disjoint_from_development" time="0.006" /><testcase classname="tests.test_harness_routing_holdout" name="test_locked_holdout_exactly_matches_current_eligibility_policy" time="0.007" /><testcase classname="tests.test_harness_routing_holdout" name="test_committed_holdout_result_reproduces_without_online_calls" time="0.007" /><testcase classname="tests.test_harness_routing_holdout" name="test_locked_holdout_rejects_every_adaptive_writeback[development_evidence]" time="0.009" /><testcase classname="tests.test_harness_routing_holdout" name="test_locked_holdout_rejects_every_adaptive_writeback[router_training]" time="0.011" /><testcase classname="tests.test_harness_routing_holdout" name="test_locked_holdout_rejects_every_adaptive_writeback[runtime_feedback]" time="0.010" /><testcase classname="tests.test_harness_routing_holdout" name="test_provider_campaign_rejects_locked_holdout_before_client_call" time="0.001" /><testcase classname="tests.test_harness_routing_holdout" name="test_holdout_cannot_be_loaded_as_development_examples" time="0.001" /><testcase classname="tests.test_harness_routing_holdout" name="test_manifest_and_result_tampering_fail_closed" time="0.013" /><testcase classname="tests.test_harness_routing_holdout" name="test_result_writer_is_create_only" time="0.013" /><testcase classname="tests.test_optimization_core" name="test_outcome_contract_is_content_addressed_and_seals_holdout_identity" time="0.002" /><testcase classname="tests.test_orchestration" name="test_holdout_results_never_influence_candidate_selection" time="0.693" /><testcase classname="tests.test_report_generator" name="test_build_job_report_lines_includes_new_sections" time="0.824" /><testcase classname="tests.test_scenario_generalization_campaign" name="test_committed_scenario_generalization_freeze_matches_current_campaign" time="23.989" /><testcase classname="tests.test_scenario_generalization_campaign" name="test_scenario_generalization_is_report_only_and_complete" time="0.001" /><testcase classname="tests.test_scenario_generalization_campaign" name="test_optimizer_selection_has_no_validation_input" time="16.897" /><testcase classname="tests.test_scenario_generalization_campaign" name="test_each_declared_configuration_shift_changes_the_aggregated_score" time="0.003" /><testcase classname="tests.test_scenario_generalization_campaign" name="test_scenario_generalization_evidence_rejects_tampering" time="0.001" /><testcase classname="tests.test_scenario_generalization_campaign" name="test_scenario_generalization_freeze_refuses_overwrite" time="0.012" /><testcase classname="tests.test_simulation_coverage_campaign" name="test_committed_simulation_coverage_freeze_matches_current_campaign" time="20.687" /><testcase classname="tests.test_simulation_coverage_campaign" name="test_campaign_transcript_hash_ignores_cross_runtime_ulp_noise" time="0.001" /><testcase classname="tests.test_simulation_coverage_campaign" name="test_campaign_transcript_hash_binds_causal_execution_not_blas_diagnostics" time="0.001" /><testcase classname="tests.test_simulation_coverage_campaign" name="test_simulation_coverage_freeze_refuses_overwrite" time="0.012" /><testcase classname="tests.test_technical_report_evidence" name="test_report_evidence_bundle_recomputes_frozen_metrics" time="0.251" /><testcase classname="tests.test_technical_report_evidence" name="test_report_evidence_refuses_to_upgrade_mock_to_physical" time="0.002" /><testcase classname="tests.test_technical_report_evidence" name="test_report_evidence_refuses_inconsistent_improvement" time="0.001" /><testcase classname="tests.test_technical_report_evidence" name="test_report_evidence_refuses_validation_feedback_in_mixed_shift" time="0.001" /><testcase classname="tests.test_technical_report_evidence" name="test_report_evidence_writes_chart_ready_csv" time="0.154" /><testcase classname="tests.test_test_run_receipt" name="test_test_run_receipt_is_deterministic_and_content_addressed" time="0.007" /><testcase classname="tests.test_test_run_receipt" name="test_test_run_receipt_rejects_noncanonical_commit" time="0.001" /></testsuite></testsuites>